Event Generation Started: Wed Apr 22 10:54:44 2026
=============================================================================
EVENT GENERATION CONFIGURATION
=============================================================================

--- Collider Setup ---
  Preset:           hera300
  Proton Energy:    820 GeV
  Electron Energy:  27.5 GeV
  √s:               300.3 GeV

--- Event Generation ---
  Number of Events: 1000000

--- Physics Cuts ---
  pTHatMin:         7.0 GeV
  Q²max:            1.0 GeV²

--- PYTHIA Tuning ---
  Tune:pp:          14 (Monash 2013)
  Tune:ee:          7 (Monash 2013)
  pT0Ref:           3.0 GeV (MPI regularization)
  StringZ:aLund:    0.7
  StringZ:bLund:    1.0 GeV⁻²
  StringPT:sigma:   0.3 GeV

--- Output ---
  ROOT File:        ./hera300_pTHat7_pT0Ref3.0_Q2max1_n1000k.root
  Log File:         ./hera300_pTHat7_pT0Ref3.0_Q2max1_n1000k.log
=============================================================================


 *------------------------------------------------------------------------------------* 
 |                                                                                    | 
 |  *------------------------------------------------------------------------------*  | 
 |  |                                                                              |  | 
 |  |                                                                              |  | 
 |  |   PPP   Y   Y  TTTTT  H   H  III    A      Welcome to the Lund Monte Carlo!  |  | 
 |  |   P  P   Y Y     T    H   H   I    A A     This is PYTHIA version 8.311      |  | 
 |  |   PPP     Y      T    HHHHH   I   AAAAA    Last date of change:  8 Mar 2024  |  | 
 |  |   P       Y      T    H   H   I   A   A                                      |  | 
 |  |   P       Y      T    H   H  III  A   A    Now is 22 Apr 2026 at 10:54:44    |  | 
 |  |                                                                              |  | 
 |  |   Program documentation and an archive of historic versions is found on:     |  | 
 |  |                                                                              |  | 
 |  |                               https://pythia.org/                            |  | 
 |  |                                                                              |  | 
 |  |   PYTHIA is authored by a collaboration consisting of:                       |  | 
 |  |                                                                              |  | 
 |  |   Javira Altmann, Christian Bierlich, Naomi Cooke, Nishita Desai,            |  | 
 |  |   Leif Gellersen, Ilkka Helenius, Philip Ilten, Leif Lonnblad,               |  | 
 |  |   Stephen Mrenna, Christian Preuss, Torbjorn Sjostrand, Peter Skands,        |  | 
 |  |   Marius Utheim, and Rob Verheyen.                                           |  | 
 |  |                                                                              |  | 
 |  |   The complete list of authors, including contact information and            |  | 
 |  |   affiliations, can be found on https://pythia.org/.                         |  | 
 |  |   Problems or bugs should be reported on email at authors@pythia.org.        |  | 
 |  |                                                                              |  | 
 |  |   The main program reference is C. Bierlich et al,                           |  | 
 |  |   'A comprehensive guide to the physics and usage of Pythia 8.3',            |  | 
 |  |   SciPost Phys. Codebases 8-r8.3 (2022) [arXiv:2203.11601 [hep-ph]]          |  | 
 |  |                                                                              |  | 
 |  |   PYTHIA is released under the GNU General Public Licence version 2 or later.|  | 
 |  |   Please respect the MCnet Guidelines for Event Generator Authors and Users. |  | 
 |  |                                                                              |  | 
 |  |   Disclaimer: this program comes without any guarantees.                     |  | 
 |  |   Beware of errors and use common sense when interpreting results.           |  | 
 |  |                                                                              |  | 
 |  |   Copyright (C) 2024 Torbjorn Sjostrand                                      |  | 
 |  |                                                                              |  | 
 |  |                                                                              |  | 
 |  *------------------------------------------------------------------------------*  | 
 |                                                                                    | 
 *------------------------------------------------------------------------------------* 


 *-------  PYTHIA Process Initialization  --------------------------*
 |                                                                  |
 | We collide p+ with e- at a CM energy of 3.003e+02 GeV            |
 |                                                                  |
 |------------------------------------------------------------------|
 |                                                    |             |
 | Subprocess                                    Code |   Estimated |
 |                                                    |    max (mb) |
 |                                                    |             |
 |------------------------------------------------------------------|
 |                                                    |             |
 | g g -> g g                                     111 |   1.010e-04 |
 | g g -> q qbar (uds)                            112 |   2.013e-06 |
 | q g -> q g                                     113 |   2.299e-04 |
 | q q(bar)' -> q q(bar)'                         114 |   7.383e-05 |
 | q qbar -> g g                                  115 |   1.094e-06 |
 | q qbar -> q' qbar' (uds)                       116 |   5.561e-07 |
 | g g -> c cbar                                  121 |   6.055e-07 |
 | q qbar -> c cbar                               122 |   1.754e-07 |
 | g g -> b bbar                                  123 |   2.574e-07 |
 | q qbar -> b bbar                               124 |   1.127e-07 |
 | g gamma -> q qbar (uds)                        271 |   1.419e-05 |
 | g gamma -> c cbar                              272 |   8.819e-06 |
 | g gamma -> b bbar                              273 |   1.300e-06 |
 | q gamma -> q g (udscb)                         274 |   1.149e-05 |
 | gamma g -> q qbar (uds)                        281 |   1.843e-09 |
 | gamma g -> c cbar                              282 |   1.148e-09 |
 | gamma g -> b bbar                              283 |   1.683e-10 |
 | gamma q -> q g (udscb)                         284 |   4.281e-09 |
 |                                                                  |
 *-------  End PYTHIA Process Initialization -----------------------*
 PYTHIA Warning in MultipartonInteractions::init: maximum increased by factor 1.076

 *-------  PYTHIA Flag + Mode + Parm + Word + FVec + MVec + PVec + WVec Settings (changes only)  ------------------* 
 |                                                                                                                 | 
 | Name                                          |                      Now |      Default         Min         Max | 
 |                                               |                          |                                      | 
 | Beams:eA                                      |                820.00000 |     7000.000         0.0             | 
 | Beams:eB                                      |                 27.50000 |     7000.000         0.0             | 
 | Beams:frameType                               |                        2 |            1           1           5 | 
 | Beams:idB                                     |                       11 |         2212                         | 
 | HardQCD:all                                   |                       on |          off                         | 
 | Init:showChangedParticleData                  |                      off |           on                         | 
 | Init:showMultipartonInteractions              |                      off |           on                         | 
 | MultipartonInteractions:pT0Ref                |                  3.00000 |      2.28000     0.50000    10.00000 | 
 | Next:numberCount                              |                   100000 |         1000           0             | 
 | Next:numberShowEvent                          |                        0 |            1           0             | 
 | Next:numberShowInfo                           |                        0 |            1           0             | 
 | Next:numberShowProcess                        |                        0 |            1           0             | 
 | PDF:beamB2gamma                               |                       on |          off                         | 
 | PhaseSpace:pTHatMin                           |                  7.00000 |          0.0         0.0             | 
 | PhotonParton:all                              |                       on |          off                         | 
 |                                                                                                                 | 
 *-------  End PYTHIA Flag + Mode + Parm + Word + FVec + MVec + PVec + WVec Settings  -----------------------------* 

=== PYTHIA CONFIGURATION VERIFICATION ===
Tune:pp = 14
Tune:ee = 7
StringZ:aLund = 0.7
StringZ:bLund = 1.0
StringPT:sigma = 0.3
MultipartonInteractions:pT0Ref = 3.0
PhaseSpace:pTHatMin = 7.0
Photon:Q2max = 1.0
==========================================

Starting event generation...
Target: 1000000 events

  Progress: 0% | Valid: 0 | Efficiency: 0.0%
 PYTHIA Error in BeamRemnants::setKinematics: kinematics construction failed after retrying 10 times
 PYTHIA Warning in SimpleSpaceShower::pT2nextQCD: small daughter PDF
 PYTHIA Warning in SimpleSpaceShower::pT2nextQCD: weight above unity
 PYTHIA Error in Pythia::next: partonLevel failed; try again
 PYTHIA Abort from Pythia::next: parton+hadronLevel failed; giving up
 PYTHIA Error in BeamRemnants::setOneRemnKinematics: beam remnant invariant mass too large
 PYTHIA Error in SimpleSpaceShower::pT2nearThreshold: stuck in loop
 PYTHIA Warning in MultipartonInteractions::scatter: no room for remnants for given scattering
 PYTHIA Warning in HadronWidths::pickMasses: angular momentum and running widths not used
  Progress: 10% | Valid: 99990 | Efficiency: 100.0%

 Pythia::next(): 100000 events have been generated 
 PYTHIA Warning in SimpleSpaceShower::pT2nextQED: weight above unity
  Progress: 20% | Valid: 199975 | Efficiency: 100.0%

 Pythia::next(): 200000 events have been generated 
 PYTHIA Error in ParticleDecays::decay: failed to find workable decay channel for id = 10221
  Progress: 30% | Valid: 299966 | Efficiency: 100.0%

 Pythia::next(): 300000 events have been generated 
 PYTHIA Error in MiniStringFragmentation::fragment: no 1- or 2-body state found above mass threshold
 PYTHIA Error in HadronLevel::next: ministring fragmentation failed
 PYTHIA Error in Pythia::next: hadronLevel failed; try again
  Progress: 40% | Valid: 399953 | Efficiency: 100.0%

 Pythia::next(): 400000 events have been generated 
  Progress: 50% | Valid: 499944 | Efficiency: 100.0%

 Pythia::next(): 500000 events have been generated 
  Progress: 60% | Valid: 599932 | Efficiency: 100.0%

 Pythia::next(): 600000 events have been generated 
  Progress: 70% | Valid: 699925 | Efficiency: 100.0%

 Pythia::next(): 700000 events have been generated 
 PYTHIA Warning in SimpleSpaceShower::branch: used up beam momentum; retrying parton level
 PYTHIA Error in BeamRemnants::setKinematics: no momentum left for beam remnants
  Progress: 80% | Valid: 799912 | Efficiency: 100.0%

 Pythia::next(): 800000 events have been generated 
  Progress: 90% | Valid: 899899 | Efficiency: 100.0%

 Pythia::next(): 900000 events have been generated 

Event generation complete!


 *-------  PYTHIA Event and Cross Section Statistics  -------------------------------------------------------------*
 |                                                                                                                 |
 | Subprocess                                    Code |            Number of events       |      sigma +- delta    |
 |                                                    |       Tried   Selected   Accepted |     (estimated) (mb)   |
 |                                                    |                                   |                        |
 |-----------------------------------------------------------------------------------------------------------------|
 |                                                    |                                   |                        |
 | g g -> g g                                     111 |     2232425     173417     173417 |   7.867e-06  8.461e-09 |
 | g g -> q qbar (uds)                            112 |       44073       4124       4124 |   1.904e-07  1.377e-09 |
 | q g -> q g                                     113 |     5078884     423772     423708 |   1.917e-05  1.186e-08 |
 | q q(bar)' -> q q(bar)'                         114 |     1630414     135267     135220 |   6.099e-06  7.041e-09 |
 | q qbar -> g g                                  115 |       24243       2598       2597 |   1.172e-07  8.470e-10 |
 | q qbar -> q' qbar' (uds)                       116 |       12432       1802       1802 |   8.217e-08  7.394e-10 |
 | g g -> c cbar                                  121 |       13486       1297       1297 |   5.805e-08  7.633e-10 |
 | q qbar -> c cbar                               122 |        3880        540        540 |   2.587e-08  4.181e-10 |
 | g g -> b bbar                                  123 |        5798        674        674 |   3.031e-08  5.908e-10 |
 | q qbar -> b bbar                               124 |        2431        317        317 |   1.557e-08  3.284e-10 |
 | g gamma -> q qbar (uds)                        271 |      313214     101431     101431 |   4.597e-06  7.010e-09 |
 | g gamma -> c cbar                              272 |      194513      64089      64089 |   2.911e-06  5.623e-09 |
 | g gamma -> b bbar                              273 |       28878       9801       9801 |   4.427e-07  2.246e-09 |
 | q gamma -> q g (udscb)                         274 |      253897      80843      80843 |   3.671e-06  6.175e-09 |
 | gamma g -> q qbar (uds)                        281 |          51          9          9 |   3.070e-10  5.543e-11 |
 | gamma g -> c cbar                              282 |          23          3          3 |   1.564e-10  5.295e-11 |
 | gamma g -> b bbar                              283 |           5          0          0 |   0.000e+00  0.000e+00 |
 | gamma q -> q g (udscb)                         284 |         101         16         16 |   5.988e-10  5.964e-11 |
 |                                                    |                                   |                        |
 | sum                                                |     9838748    1000000     999888 |   4.528e-05  1.975e-08 |
 |                                                                                                                 |
 *-------  End PYTHIA Event and Cross Section Statistics ----------------------------------------------------------*

 *-------  PYTHIA Error and Warning Messages Statistics  ----------------------------------------------------------* 
 |                                                                                                                 | 
 |  times   message                                                                                                | 
 |                                                                                                                 | 
 |    112   Abort from Pythia::next: parton+hadronLevel failed; giving up                                          | 
 |  14522   Error in BeamRemnants::setKinematics: kinematics construction failed after retrying 10 times           | 
 |     41   Error in BeamRemnants::setKinematics: no momentum left for beam remnants                               | 
 |     48   Error in BeamRemnants::setOneRemnKinematics: beam remnant invariant mass too large                     | 
 |      1   Error in HadronLevel::next: ministring fragmentation failed                                            | 
 |      1   Error in MiniStringFragmentation::fragment: no 1- or 2-body state found above mass threshold           | 
 |      1   Error in ParticleDecays::decay: failed to find workable decay channel                                  | 
 |      1   Error in Pythia::next: hadronLevel failed; try again                                                   | 
 |   1271   Error in Pythia::next: partonLevel failed; try again                                                   | 
 |     41   Error in SimpleSpaceShower::pT2nearThreshold: stuck in loop                                            | 
 |     11   Warning in HadronWidths::pickMasses: angular momentum and running widths not used                      | 
 |      1   Warning in MultipartonInteractions::init: maximum increased                                            | 
 |     66   Warning in MultipartonInteractions::scatter: no room for remnants for given scattering                 | 
 |     59   Warning in SimpleSpaceShower::branch: used up beam momentum; retrying parton level                     | 
 |    775   Warning in SimpleSpaceShower::pT2nextQCD: small daughter PDF                                           | 
 |    138   Warning in SimpleSpaceShower::pT2nextQCD: weight above unity                                           | 
 |      3   Warning in SimpleSpaceShower::pT2nextQED: weight above unity                                           | 
 |                                                                                                                 | 
 *-------  End PYTHIA Error and Warning Messages Statistics  ------------------------------------------------------* 

=============================================================================
EVENT GENERATION SUMMARY
=============================================================================
Output File: ./hera300_pTHat7_pT0Ref3.0_Q2max1_n1000k.root
Log File:    ./hera300_pTHat7_pT0Ref3.0_Q2max1_n1000k.log

--- Event Counts ---
Total Attempts:     1000000
Valid Events:       999888
Failed Events:      112
Efficiency:         100.0%

--- Subprocess Classification ---
  QQ (quark-init):    319307 (31.9%)
  GG (gluon-init):    176014 (17.6%)
  GQ (mixed):         504567 (50.5%)
  Unclassified:            0 (0.0%)

--- Photoproduction Type ---
  Resolved:           743696 (74.4%)
  Direct:             256192 (25.6%)

--- Process Code Breakdown ---
    Code                  Process     Count         %    Class
---------------------------------------------------------------
     111              g g → g g    173417    17.34%        GG
     112           g g → q qbar      4124     0.41%        QQ
     113              q g → q g    423708    42.38%        GQ
     114            q q' → q q'    135220    13.52%        QQ
     115           q qbar → g g      2597     0.26%        GG
     116      q qbar → q' qbar'      1802     0.18%        QQ
     121           g g → c cbar      1297     0.13%        QQ
     122        q qbar → c cbar       540     0.05%        QQ
     123           g g → b bbar       674     0.07%        QQ
     124        q qbar → b bbar       317     0.03%        QQ
     271          g γ → q qbar    101431    10.14%        QQ
     272          g γ → c cbar     64089     6.41%        QQ
     273          g γ → b bbar      9801     0.98%        QQ
     274             q γ → q g     80843     8.09%        GQ
     281          γ g → q qbar         9     0.00%        QQ
     282          γ g → c cbar         3     0.00%        QQ
     284             γ q → q g        16     0.00%        GQ

--- Trees Saved ---
  QQ_Events:         319307 events
  GG_Events:         176014 events
  GQ_Events:         504567 events
  Combined_Events:   999888 events
  Resolved_Events:   743696 events
  Direct_Events:     256192 events
=============================================================================

Event generation completed successfully!
Output: ./hera300_pTHat7_pT0Ref3.0_Q2max1_n1000k.root
