==============================================================================
ROC scan  —  sample: alljets_eic141_pT7_R10_EtMin17
input:   alljets_eic141_pT7_R10_EtMin17.root
bins:    [(-1.0, 0.0), (0.0, 1.0), (1.0, 1.5), (1.5, 2.0)]  (min 20 jets per class to include)
==============================================================================

Loaded: N_QQ = 9,564,  N_GG = 853

------------------------------------------------------------------------------
Inclusive (eta-pooled)
------------------------------------------------------------------------------
  N_QQ=9,564  N_GG=853
  n_SD       : AUC = 0.7097   sep = +0.566
  n_subjets  : AUC = 0.6520   sep = +0.407
  -> wrote roc_inclusive.pdf

------------------------------------------------------------------------------
eta in [-1.0, +0.0)
------------------------------------------------------------------------------
  N_QQ=530  N_GG=12  — below min-jets=20, skipping PDF

------------------------------------------------------------------------------
eta in [+0.0, +1.0)
------------------------------------------------------------------------------
  N_QQ=4,194  N_GG=272
  n_SD       : AUC = 0.7126   sep = +0.571
  n_subjets  : AUC = 0.7649   sep = +0.739
  -> wrote roc_eta_p0.0_p1.0.pdf

------------------------------------------------------------------------------
eta in [+1.0, +1.5)
------------------------------------------------------------------------------
  N_QQ=2,242  N_GG=235
  n_SD       : AUC = 0.7098   sep = +0.570
  n_subjets  : AUC = 0.7816   sep = +0.811
  -> wrote roc_eta_p1.0_p1.5.pdf

------------------------------------------------------------------------------
eta in [+1.5, +2.0)
------------------------------------------------------------------------------
  N_QQ=1,727  N_GG=217
  n_SD       : AUC = 0.7088   sep = +0.560
  n_subjets  : AUC = 0.7614   sep = +0.741
  -> wrote roc_eta_p1.5_p2.0.pdf

-> wrote roc_all_bins.pdf (grid view)

==============================================================================
SUMMARY
==============================================================================
bin                   N_QQ      N_GG     AUC_nSD   sep_nSD     AUC_nSJ   sep_nSJ
--------------------------------------------------------------------------------
inclusive             9564       853      0.7097    +0.566      0.6520    +0.407
[-1.0,+0.0)            530        12           —         —           —         —
[+0.0,+1.0)           4194       272      0.7126    +0.571      0.7649    +0.739
[+1.0,+1.5)           2242       235      0.7098    +0.570      0.7816    +0.811
[+1.5,+2.0)           1727       217      0.7088    +0.560      0.7614    +0.741
