==============================================================================
ROC scan  —  sample: alljets_eic64_pT7_R10_EtMin17
input:   alljets_eic64_pT7_R10_EtMin17.root
bins:    [(-1.0, 0.0), (0.0, 1.0), (1.0, 1.5), (1.5, 2.0)]  (min 20 jets per class to include)
==============================================================================

Loaded: N_QQ = 154,  N_GG = 2

------------------------------------------------------------------------------
Inclusive (eta-pooled)
------------------------------------------------------------------------------
  N_QQ=154  N_GG=2
  n_SD       : AUC = 0.1981   sep = -0.774
  n_subjets  : AUC = 0.5633   sep = +0.121
  -> wrote roc_inclusive.pdf

------------------------------------------------------------------------------
eta in [-1.0, +0.0)
------------------------------------------------------------------------------
  (no jets in this bin — skipped)

------------------------------------------------------------------------------
eta in [+0.0, +1.0)
------------------------------------------------------------------------------
  N_QQ=89  N_GG=1  — below min-jets=20, skipping PDF

------------------------------------------------------------------------------
eta in [+1.0, +1.5)
------------------------------------------------------------------------------
  N_QQ=58  N_GG=1  — below min-jets=20, skipping PDF

------------------------------------------------------------------------------
eta in [+1.5, +2.0)
------------------------------------------------------------------------------
  (no jets in this bin — skipped)

-> wrote roc_all_bins.pdf (grid view)

==============================================================================
SUMMARY
==============================================================================
bin                   N_QQ      N_GG     AUC_nSD   sep_nSD     AUC_nSJ   sep_nSJ
--------------------------------------------------------------------------------
inclusive              154         2      0.1981    -0.774      0.5633    +0.121
[-1.0,+0.0)              0         0           —         —           —         —
[+0.0,+1.0)             89         1           —         —           —         —
[+1.0,+1.5)             58         1           —         —           —         —
[+1.5,+2.0)              0         0           —         —           —         —
