Cross-energy ROC summary
==============================================================================
Sample        bin                     N_QQ    N_GG    AUC_nSD    AUC_nSJ
EIC 64 (anti-kT dijets)inclusive              15132     758     0.6567     0.6523
EIC 64 (anti-kT dijets)$\eta \in [-1, 0)$         —       —          —          —
EIC 64 (anti-kT dijets)$\eta \in [0, 1)$       7927     340     0.6475     0.6956
EIC 64 (anti-kT dijets)$\eta \in [1, 1.5)$     4014     252     0.6694     0.7254
EIC 64 (anti-kT dijets)$\eta \in [1.5, 2)$     2065     135     0.6646     0.6915
------------------------------------------------------------------------------
EIC 105 (anti-kT dijets)inclusive              25258    2796     0.6821     0.5903
EIC 105 (anti-kT dijets)$\eta \in [-1, 0)$         —       —          —          —
EIC 105 (anti-kT dijets)$\eta \in [0, 1)$       8295     601     0.6649     0.7016
EIC 105 (anti-kT dijets)$\eta \in [1, 1.5)$     5642     612     0.6778     0.7339
EIC 105 (anti-kT dijets)$\eta \in [1.5, 2)$     5131     679     0.6864     0.7199
------------------------------------------------------------------------------
EIC 141 (anti-kT dijets)inclusive             135800   22930     0.6724     0.5858
EIC 141 (anti-kT dijets)$\eta \in [-1, 0)$     20036    1538     0.6576     0.7245
EIC 141 (anti-kT dijets)$\eta \in [0, 1)$      50776    6634     0.6592     0.7229
EIC 141 (anti-kT dijets)$\eta \in [1, 1.5)$    24329    4735     0.6683     0.7258
EIC 141 (anti-kT dijets)$\eta \in [1.5, 2)$    19555    4612     0.6832     0.7230
------------------------------------------------------------------------------
HERA 300 (kT dijets)inclusive              15130    3122     0.6979     0.5761
HERA 300 (kT dijets)$\eta \in [-1, 0)$      1659     155     0.6623     0.7701
HERA 300 (kT dijets)$\eta \in [0, 1)$       4870     676     0.6974     0.7645
HERA 300 (kT dijets)$\eta \in [1, 1.5)$     2537     490     0.6972     0.7685
HERA 300 (kT dijets)$\eta \in [1.5, 2)$     2268     571     0.6892     0.7555
------------------------------------------------------------------------------
