AUC summary — paper-config dijet samples, paper eta bins
============================================================================================
Sample                        bin                 N_QQ    N_GG   Psi_AUC   nSD_AUC   nSJ_AUC
EIC 64 (anti-kT dijets)       inclusive          16362     770     0.740     0.653     0.649
EIC 64 (anti-kT dijets)       $\eta \in [-1, 0)$       —       —         —         —         —
EIC 64 (anti-kT dijets)       $\eta \in [0, 1)$    8592     347     0.743     0.642     0.693
EIC 64 (anti-kT dijets)       $\eta \in [1, 1.5)$    4335     254     0.750     0.665     0.722
EIC 64 (anti-kT dijets)       $\eta \in [1.5, 2)$    2214     137     0.733     0.669     0.689
--------------------------------------------------------------------------------------------
EIC 105 (anti-kT dijets)      inclusive          27242    2844     0.761     0.678     0.585
EIC 105 (anti-kT dijets)      $\eta \in [-1, 0)$       —       —         —         —         —
EIC 105 (anti-kT dijets)      $\eta \in [0, 1)$    9036     612     0.758     0.662     0.698
EIC 105 (anti-kT dijets)      $\eta \in [1, 1.5)$    6079     626     0.781     0.673     0.730
EIC 105 (anti-kT dijets)      $\eta \in [1.5, 2)$    5482     688     0.759     0.684     0.717
--------------------------------------------------------------------------------------------
EIC 141 (anti-kT dijets)      inclusive         150638   33260     0.778     0.695     0.582
EIC 141 (anti-kT dijets)      $\eta \in [-1, 0)$   21860    1793     0.769     0.652     0.731
EIC 141 (anti-kT dijets)      $\eta \in [0, 1)$   54929    8674     0.782     0.679     0.740
EIC 141 (anti-kT dijets)      $\eta \in [1, 1.5)$   27098    6652     0.779     0.691     0.750
EIC 141 (anti-kT dijets)      $\eta \in [1.5, 2)$   22242    6890     0.782     0.703     0.744
--------------------------------------------------------------------------------------------
HERA 300 (kT dijets)          inclusive          16844    4150     0.795     0.716     0.578
HERA 300 (kT dijets)          $\eta \in [-1, 0)$    1841     188     0.791     0.684     0.784
HERA 300 (kT dijets)          $\eta \in [0, 1)$    5446     887     0.824     0.717     0.800
HERA 300 (kT dijets)          $\eta \in [1, 1.5)$    2863     689     0.787     0.695     0.767
HERA 300 (kT dijets)          $\eta \in [1.5, 2)$    2508     699     0.803     0.730     0.782
--------------------------------------------------------------------------------------------
