==============================================================================
ROC scan  —  sample: alljets_eic105_pT7_R10_EtMin17
input:   alljets_eic105_pT7_R10_EtMin17.root
bins:    [(-1.0, 0.0), (0.0, 1.0), (1.0, 1.5), (1.5, 2.0)]  (min 20 jets per class to include)
==============================================================================

Loaded: N_QQ = 1,130,  N_GG = 44

------------------------------------------------------------------------------
Inclusive (eta-pooled)
------------------------------------------------------------------------------
  N_QQ=1,130  N_GG=44
  n_SD       : AUC = 0.7063   sep = +0.534
  n_subjets  : AUC = 0.6623   sep = +0.427
  -> wrote roc_inclusive.pdf

------------------------------------------------------------------------------
eta in [-1.0, +0.0)
------------------------------------------------------------------------------
  (no jets in this bin — skipped)

------------------------------------------------------------------------------
eta in [+0.0, +1.0)
------------------------------------------------------------------------------
  N_QQ=287  N_GG=7  — below min-jets=20, skipping PDF

------------------------------------------------------------------------------
eta in [+1.0, +1.5)
------------------------------------------------------------------------------
  N_QQ=340  N_GG=11  — below min-jets=20, skipping PDF

------------------------------------------------------------------------------
eta in [+1.5, +2.0)
------------------------------------------------------------------------------
  N_QQ=331  N_GG=18  — below min-jets=20, skipping PDF

-> wrote roc_all_bins.pdf (grid view)

==============================================================================
SUMMARY
==============================================================================
bin                   N_QQ      N_GG     AUC_nSD   sep_nSD     AUC_nSJ   sep_nSJ
--------------------------------------------------------------------------------
inclusive             1130        44      0.7063    +0.534      0.6623    +0.427
[-1.0,+0.0)              0         0           —         —           —         —
[+0.0,+1.0)            287         7           —         —           —         —
[+1.0,+1.5)            340        11           —         —           —         —
[+1.5,+2.0)            331        18           —         —           —         —
