==============================================================================
ROC scan  —  sample: dijets_eic64_pTHat5_pT0Ref3.0_Q2max1_n1000k_R10_EtMin10_10_7
input:   dijets_eic64_pTHat5_pT0Ref3.0_Q2max1_n1000k_R10_EtMin10_10_7.root
bins:    [(-1.0, 0.0), (0.0, 1.0), (1.0, 1.5), (1.5, 2.0)]  (min 20 jets per class to include)
==============================================================================

Loaded: N_QQ = 15,132,  N_GG = 758

------------------------------------------------------------------------------
Inclusive (eta-pooled)
------------------------------------------------------------------------------
  N_QQ=15,132  N_GG=758
  n_SD       : AUC = 0.6567   sep = +0.406
  n_subjets  : AUC = 0.6523   sep = +0.408
  -> wrote roc_inclusive.pdf

------------------------------------------------------------------------------
eta in [-1.0, +0.0)
------------------------------------------------------------------------------
  N_QQ=690  N_GG=10  — below min-jets=20, skipping PDF

------------------------------------------------------------------------------
eta in [+0.0, +1.0)
------------------------------------------------------------------------------
  N_QQ=7,927  N_GG=340
  n_SD       : AUC = 0.6475   sep = +0.380
  n_subjets  : AUC = 0.6956   sep = +0.533
  -> wrote roc_eta_p0.0_p1.0.pdf

------------------------------------------------------------------------------
eta in [+1.0, +1.5)
------------------------------------------------------------------------------
  N_QQ=4,014  N_GG=252
  n_SD       : AUC = 0.6694   sep = +0.442
  n_subjets  : AUC = 0.7254   sep = +0.625
  -> wrote roc_eta_p1.0_p1.5.pdf

------------------------------------------------------------------------------
eta in [+1.5, +2.0)
------------------------------------------------------------------------------
  N_QQ=2,065  N_GG=135
  n_SD       : AUC = 0.6646   sep = +0.422
  n_subjets  : AUC = 0.6915   sep = +0.534
  -> wrote roc_eta_p1.5_p2.0.pdf

-> wrote roc_all_bins.pdf (grid view)

==============================================================================
SUMMARY
==============================================================================
bin                   N_QQ      N_GG     AUC_nSD   sep_nSD     AUC_nSJ   sep_nSJ
--------------------------------------------------------------------------------
inclusive            15132       758      0.6567    +0.406      0.6523    +0.408
[-1.0,+0.0)            690        10           —         —           —         —
[+0.0,+1.0)           7927       340      0.6475    +0.380      0.6956    +0.533
[+1.0,+1.5)           4014       252      0.6694    +0.442      0.7254    +0.625
[+1.5,+2.0)           2065       135      0.6646    +0.422      0.6915    +0.534
