=============================================================================
EVENT-LEVEL EFFICIENCY ANALYSIS FOR DIJET QUARK/GLUON CLASSIFICATION
=============================================================================
Analysis Parameters:
  Analysis Type:        STRICT Dijet Events (exactly 2 jets)
  Jet Algorithm:        Anti-kT
  Jet Radius:           1
  Leading Jet ET:       > 10 GeV
  Subleading Jet ET:    > 7 GeV
  Jet Eta Range:        [-1, 0]
  Shape Radius:         r = 0.3
  Thin Jet Cut:         Ψ(r) > 0.8
  Thick Jet Cut:        Ψ(r) < 0.6
  Dijet Requirement:    Exactly 2 jets per event
=============================================================================

Input File: /Users/siddharthsingh/Analysis/repos/photoproduction-eic/data/allevents_pt7GeV/eic105_pT7/eic105_pT7.root
Log File: eic105_pT7_eT_10_7_eta_-1.00_0.00_dijet_EventEff.log

Successfully opened input file.

Found 999444 events in Combined_Events tree.

Successfully set up input branches.

Starting event processing...

#--------------------------------------------------------------------------
#                         FastJet release 3.4.2
#                 M. Cacciari, G.P. Salam and G. Soyez                  
#     A software package for jet finding and analysis at colliders      
#                           http://fastjet.fr                           
#	                                                                      
# Please cite EPJC72(2012)1896 [arXiv:1111.6097] if you use this package
# for scientific work and optionally PLB641(2006)57 [hep-ph/0512210].   
#                                                                       
# FastJet is provided without warranty under the GNU GPL v2 or higher.  
# It uses T. Chan's closest pair algorithm, S. Fortune's Voronoi code
# and 3rd party plugin jet algorithms. See COPYING file for details.
#--------------------------------------------------------------------------
Processed 100000 events...
Processed 200000 events...
Processed 300000 events...
Processed 400000 events...
Processed 500000 events...
Processed 600000 events...
Processed 700000 events...
Processed 800000 events...
Processed 900000 events...


Event processing completed!
Events processed: 999444
Dijet events: 0(0.00)%

=============================================================================
EFFICIENCY AND PURITY ANALYSIS RESULTS (EVENT-LEVEL EFFICIENCY)
=============================================================================
Classification Cuts Used:
  Thin Jets (Quark-like):  Ψ(r=0.30) > 0.80
  Thick Jets (Gluon-like): Ψ(r=0.30) < 0.60

Overall Statistics:
  Total Events Analyzed: 0
  Total Jets Analyzed:   0 (should be 0)

=============================================================================
EVENT-LEVEL CLASSIFICATION PATTERNS
=============================================================================
Format: [Leading-Subleading] classification patterns

Subprocess | Total Events | [T-T] | [Tk-Tk] | [T-Tk] | [Tk-T] | Other | Dominant Pattern
-----------|-------------|-------|---------|--------|--------|-------|------------------

=============================================================================
EFFICIENCY ANALYSIS (EVENT-LEVEL, BOTH JETS MUST SATISFY CONDITION)
=============================================================================
Event-level efficiency: Both jets must satisfy the expected condition
Expected: QQ→[T-T], GG→[Tk-Tk], GQ→[T-Tk] or [Tk-T] (mixed)

Subprocess | Total Events | Correctly Classified | Efficiency | Performance
-----------|-------------|---------------------|------------|-------------

Detailed Expected Performance:
  QQ → [T-T] Both Thin efficiency:  0.000 (0.000%) ✗ Poor
  GG → [Tk-Tk] Both Thick efficiency: 0.000 (0.000%) ✗ Poor
  GQ → [T-Tk] or [Tk-T] Mixed efficiency: 0.000 (0.000%) ✗ Poor

=============================================================================
PURITY ANALYSIS (JET-LEVEL SAMPLE COMPOSITION)
=============================================================================
Total Thin Jets Classified: 0
Thin Jet Sample Composition:

Total Thick Jets Classified: 0
Thick Jet Sample Composition:

=============================================================================
PHYSICS INTERPRETATION
=============================================================================
Event-Level Classification Performance:
  QQ → [T-T] Both Thin:  0.000 (0.000%) ✗ Poor
  GG → [Tk-Tk] Both Thick: 0.000 (0.000%) ✗ Poor
  GQ → [T-Tk] or [Tk-T] Mixed: 0.000 (0.000%) ✗ Poor

Expected vs Observed:
  - QQ events should produce two quark jets → Both classified as Thin [T-T]
  - GG events should produce two gluon jets → Both classified as Thick [Tk-Tk]
  - GQ events should produce mixed jets → Either [T-Tk] or [Tk-T] patterns

=============================================================================

Analysis completed successfully!
Results saved to: eic105_pT7_eT_10_7_eta_-1.00_0.00_dijet_EventEff.log
=============================================================================
