======================================================================================================
kT vs anti-kT comparison
  anti-kT : hera300_pT7/alljets_hera300_pT7_R10_EtMin17.root
  kT      : hera300_pT7_kT/alljets_hera300_pT7_R10_EtMin17.root
======================================================================================================

--- Inclusive jet counts (|eta| < 4, ET > 17 GeV) ---
Category       anti-kT N        kT N    kT - anti-kT    % diff
QQ                17,116      17,020             -96    -0.56%
GG                 4,529       4,192            -337    -7.44%
GQ                20,261      19,900            -361    -1.78%

------------------------------------------------------------------------------------------------------
<Psi(r=0.3)>  per eta bin, per category
------------------------------------------------------------------------------------------------------

  QQ
  eta bin             ak N      ak <X>    kt N      kt <X>     kt - ak   % diff
  [-1.0,+0.0)         1806      0.7497    1852      0.7307     -0.0190   -2.53%
  [+0.0,+1.0)         5521      0.7507    5488      0.7445     -0.0063   -0.83%
  [+1.0,+1.5)         2909      0.7595    2880      0.7499     -0.0096   -1.26%
  [+1.5,+2.0)         2568      0.7620    2536      0.7591     -0.0029   -0.38%

  GG
  eta bin             ak N      ak <X>    kt N      kt <X>     kt - ak   % diff
  [-1.0,+0.0)          183      0.4890     192      0.4627     -0.0263   -5.37%
  [+0.0,+1.0)          930      0.4820     908      0.4720     -0.0101   -2.09%
  [+1.0,+1.5)          783      0.5174     695      0.5178     +0.0004   +0.08%
  [+1.5,+2.0)          777      0.5152     702      0.5184     +0.0032   +0.62%

  GQ
  eta bin             ak N      ak <X>    kt N      kt <X>     kt - ak   % diff
  [-1.0,+0.0)         1560      0.6903    1608      0.6701     -0.0202   -2.93%
  [+0.0,+1.0)         5689      0.6643    5613      0.6566     -0.0077   -1.16%
  [+1.0,+1.5)         3507      0.6624    3342      0.6587     -0.0037   -0.55%
  [+1.5,+2.0)         3329      0.6566    3280      0.6510     -0.0056   -0.85%

------------------------------------------------------------------------------------------------------
<n_subjets>  per eta bin, per category
------------------------------------------------------------------------------------------------------

  QQ
  eta bin             ak N      ak <X>    kt N      kt <X>     kt - ak   % diff
  [-1.0,+0.0)         1806      4.0991    1852      4.2646     +0.1655   +4.04%
  [+0.0,+1.0)         5521      3.8277    5488      3.9605     +0.1327   +3.47%
  [+1.0,+1.5)         2909      2.9075    2880      3.0281     +0.1206   +4.15%
  [+1.5,+2.0)         2568      2.1970    2536      2.2642     +0.0672   +3.06%

  GG
  eta bin             ak N      ak <X>    kt N      kt <X>     kt - ak   % diff
  [-1.0,+0.0)          183      5.5027     192      5.8281     +0.3254   +5.91%
  [+0.0,+1.0)          930      5.2720     908      5.5407     +0.2687   +5.10%
  [+1.0,+1.5)          783      4.0971     695      4.2791     +0.1821   +4.44%
  [+1.5,+2.0)          777      3.1480     702      3.3561     +0.2081   +6.61%

  GQ
  eta bin             ak N      ak <X>    kt N      kt <X>     kt - ak   % diff
  [-1.0,+0.0)         1560      4.4135    1608      4.6014     +0.1879   +4.26%
  [+0.0,+1.0)         5689      4.3211    5613      4.5106     +0.1895   +4.38%
  [+1.0,+1.5)         3507      3.4012    3342      3.5661     +0.1649   +4.85%
  [+1.5,+2.0)         3329      2.6377    3280      2.7811     +0.1434   +5.44%

------------------------------------------------------------------------------------------------------
<n_SD>  per eta bin, per category
------------------------------------------------------------------------------------------------------

  QQ
  eta bin             ak N      ak <X>    kt N      kt <X>     kt - ak   % diff
  [-1.0,+0.0)         1806      3.6130    1852      3.6080     -0.0050   -0.14%
  [+0.0,+1.0)         5521      3.6280    5488      3.6197     -0.0083   -0.23%
  [+1.0,+1.5)         2909      3.6710    2880      3.6708     -0.0002   -0.01%
  [+1.5,+2.0)         2568      3.6698    2536      3.6514     -0.0184   -0.50%

  GG
  eta bin             ak N      ak <X>    kt N      kt <X>     kt - ak   % diff
  [-1.0,+0.0)          183      4.5847     192      4.5625     -0.0222   -0.48%
  [+0.0,+1.0)          930      4.7796     908      4.7368     -0.0428   -0.90%
  [+1.0,+1.5)          783      4.8748     695      4.7036     -0.1712   -3.51%
  [+1.5,+2.0)          777      4.8919     702      4.8718     -0.0201   -0.41%

  GQ
  eta bin             ak N      ak <X>    kt N      kt <X>     kt - ak   % diff
  [-1.0,+0.0)         1560      3.8263    1608      3.8557     +0.0294   +0.77%
  [+0.0,+1.0)         5689      4.0000    5613      3.9738     -0.0262   -0.65%
  [+1.0,+1.5)         3507      4.1811    3342      4.1134     -0.0677   -1.62%
  [+1.5,+2.0)         3329      4.2655    3280      4.2506     -0.0149   -0.35%

Wrote algo_compare_kt_vs_antikt.pdf
Wrote /Users/siddharthsingh/Analysis/repos/photoproduction-eic/data-jets/algo_compare_kt_vs_antikt.log
