==============================================================================
ROC scan  —  sample: dijets_eic141_pTHat7_pT0Ref3.0_Q2max1_n1000k_R10_EtMin10_10_7
input:   dijets_eic141_pTHat7_pT0Ref3.0_Q2max1_n1000k_R10_EtMin10_10_7.root
bins:    [(-1.0, 0.0), (0.0, 1.0), (1.0, 1.5), (1.5, 2.0)]  (min 20 jets per class to include)
==============================================================================

Loaded: N_QQ = 135,800,  N_GG = 22,930

------------------------------------------------------------------------------
Inclusive (eta-pooled)
------------------------------------------------------------------------------
  N_QQ=135,800  N_GG=22,930
  n_SD       : AUC = 0.6724   sep = +0.453
  n_subjets  : AUC = 0.5858   sep = +0.229
  -> wrote roc_inclusive.pdf

------------------------------------------------------------------------------
eta in [-1.0, +0.0)
------------------------------------------------------------------------------
  N_QQ=20,036  N_GG=1,538
  n_SD       : AUC = 0.6576   sep = +0.415
  n_subjets  : AUC = 0.7245   sep = +0.613
  -> wrote roc_eta_m1.0_p0.0.pdf

------------------------------------------------------------------------------
eta in [+0.0, +1.0)
------------------------------------------------------------------------------
  N_QQ=50,776  N_GG=6,634
  n_SD       : AUC = 0.6592   sep = +0.418
  n_subjets  : AUC = 0.7229   sep = +0.605
  -> wrote roc_eta_p0.0_p1.0.pdf

------------------------------------------------------------------------------
eta in [+1.0, +1.5)
------------------------------------------------------------------------------
  N_QQ=24,329  N_GG=4,735
  n_SD       : AUC = 0.6683   sep = +0.439
  n_subjets  : AUC = 0.7258   sep = +0.617
  -> wrote roc_eta_p1.0_p1.5.pdf

------------------------------------------------------------------------------
eta in [+1.5, +2.0)
------------------------------------------------------------------------------
  N_QQ=19,555  N_GG=4,612
  n_SD       : AUC = 0.6832   sep = +0.483
  n_subjets  : AUC = 0.7230   sep = +0.622
  -> wrote roc_eta_p1.5_p2.0.pdf

-> wrote roc_all_bins.pdf (grid view)

==============================================================================
SUMMARY
==============================================================================
bin                   N_QQ      N_GG     AUC_nSD   sep_nSD     AUC_nSJ   sep_nSJ
--------------------------------------------------------------------------------
inclusive           135800     22930      0.6724    +0.453      0.5858    +0.229
[-1.0,+0.0)          20036      1538      0.6576    +0.415      0.7245    +0.613
[+0.0,+1.0)          50776      6634      0.6592    +0.418      0.7229    +0.605
[+1.0,+1.5)          24329      4735      0.6683    +0.439      0.7258    +0.617
[+1.5,+2.0)          19555      4612      0.6832    +0.483      0.7230    +0.622
