==============================================================================
ROC scan  —  sample: dijets_hera300_pTHat7_pT0Ref3.0_Q2max1_n1000k_R10_EtMin17_10_7
input:   dijets_hera300_pTHat7_pT0Ref3.0_Q2max1_n1000k_R10_EtMin17_10_7.root
bins:    [(-1.0, 0.0), (0.0, 1.0), (1.0, 1.5), (1.5, 2.0)]  (min 20 jets per class to include)
==============================================================================

Loaded: N_QQ = 15,130,  N_GG = 3,122

------------------------------------------------------------------------------
Inclusive (eta-pooled)
------------------------------------------------------------------------------
  N_QQ=15,130  N_GG=3,122
  n_SD       : AUC = 0.6979   sep = +0.524
  n_subjets  : AUC = 0.5761   sep = +0.212
  -> wrote roc_inclusive.pdf

------------------------------------------------------------------------------
eta in [-1.0, +0.0)
------------------------------------------------------------------------------
  N_QQ=1,659  N_GG=155
  n_SD       : AUC = 0.6623   sep = +0.416
  n_subjets  : AUC = 0.7701   sep = +0.734
  -> wrote roc_eta_m1.0_p0.0.pdf

------------------------------------------------------------------------------
eta in [+0.0, +1.0)
------------------------------------------------------------------------------
  N_QQ=4,870  N_GG=676
  n_SD       : AUC = 0.6974   sep = +0.530
  n_subjets  : AUC = 0.7645   sep = +0.735
  -> wrote roc_eta_p0.0_p1.0.pdf

------------------------------------------------------------------------------
eta in [+1.0, +1.5)
------------------------------------------------------------------------------
  N_QQ=2,537  N_GG=490
  n_SD       : AUC = 0.6972   sep = +0.524
  n_subjets  : AUC = 0.7685   sep = +0.755
  -> wrote roc_eta_p1.0_p1.5.pdf

------------------------------------------------------------------------------
eta in [+1.5, +2.0)
------------------------------------------------------------------------------
  N_QQ=2,268  N_GG=571
  n_SD       : AUC = 0.6892   sep = +0.490
  n_subjets  : AUC = 0.7555   sep = +0.718
  -> wrote roc_eta_p1.5_p2.0.pdf

-> wrote roc_all_bins.pdf (grid view)

==============================================================================
SUMMARY
==============================================================================
bin                   N_QQ      N_GG     AUC_nSD   sep_nSD     AUC_nSJ   sep_nSJ
--------------------------------------------------------------------------------
inclusive            15130      3122      0.6979    +0.524      0.5761    +0.212
[-1.0,+0.0)           1659       155      0.6623    +0.416      0.7701    +0.734
[+0.0,+1.0)           4870       676      0.6974    +0.530      0.7645    +0.735
[+1.0,+1.5)           2537       490      0.6972    +0.524      0.7685    +0.755
[+1.5,+2.0)           2268       571      0.6892    +0.490      0.7555    +0.718
