==============================================================================
ROC scan  —  sample: dijets_eic64_pT7_R10_EtMin10_10_7
input:   dijets_eic64_pT7_R10_EtMin10_10_7.root
bins:    [(-1.0, 0.0), (0.0, 1.0), (1.0, 1.5), (1.5, 2.0)]  (min 20 jets per class to include)
==============================================================================

Loaded: N_QQ = 16,362,  N_GG = 770

------------------------------------------------------------------------------
Inclusive (eta-pooled)
------------------------------------------------------------------------------
  N_QQ=16,362  N_GG=770
  n_SD       : AUC = 0.6532   sep = +0.397
  n_subjets  : AUC = 0.6490   sep = +0.399
  -> wrote roc_inclusive.pdf

------------------------------------------------------------------------------
eta in [-1.0, +0.0)
------------------------------------------------------------------------------
  N_QQ=749  N_GG=10  — below min-jets=20, skipping PDF

------------------------------------------------------------------------------
eta in [+0.0, +1.0)
------------------------------------------------------------------------------
  N_QQ=8,592  N_GG=347
  n_SD       : AUC = 0.6418   sep = +0.364
  n_subjets  : AUC = 0.6932   sep = +0.525
  -> wrote roc_eta_p0.0_p1.0.pdf

------------------------------------------------------------------------------
eta in [+1.0, +1.5)
------------------------------------------------------------------------------
  N_QQ=4,335  N_GG=254
  n_SD       : AUC = 0.6654   sep = +0.431
  n_subjets  : AUC = 0.7223   sep = +0.615
  -> wrote roc_eta_p1.0_p1.5.pdf

------------------------------------------------------------------------------
eta in [+1.5, +2.0)
------------------------------------------------------------------------------
  N_QQ=2,214  N_GG=137
  n_SD       : AUC = 0.6689   sep = +0.434
  n_subjets  : AUC = 0.6886   sep = +0.525
  -> wrote roc_eta_p1.5_p2.0.pdf

-> wrote roc_all_bins.pdf (grid view)

==============================================================================
SUMMARY
==============================================================================
bin                   N_QQ      N_GG     AUC_nSD   sep_nSD     AUC_nSJ   sep_nSJ
--------------------------------------------------------------------------------
inclusive            16362       770      0.6532    +0.397      0.6490    +0.399
[-1.0,+0.0)            749        10           —         —           —         —
[+0.0,+1.0)           8592       347      0.6418    +0.364      0.6932    +0.525
[+1.0,+1.5)           4335       254      0.6654    +0.431      0.7223    +0.615
[+1.5,+2.0)           2214       137      0.6689    +0.434      0.6886    +0.525
