Cross-energy ROC summary
==============================================================================
Sample        bin                     N_QQ    N_GG    AUC_nSD    AUC_nSJ
EIC 64 GeV    inclusive                  —       —          —          —
EIC 64 GeV    $\eta \in [-1, 0)$         —       —          —          —
EIC 64 GeV    $\eta \in [0, 1)$          —       —          —          —
EIC 64 GeV    $\eta \in [1, 2)$          —       —          —          —
EIC 64 GeV    $\eta \in [2, 3)$          —       —          —          —
------------------------------------------------------------------------------
EIC 105 GeV   inclusive               1130      44     0.7063     0.6623
EIC 105 GeV   $\eta \in [-1, 0)$         —       —          —          —
EIC 105 GeV   $\eta \in [0, 1)$          —       —          —          —
EIC 105 GeV   $\eta \in [1, 2)$        671      29     0.6791     0.6962
EIC 105 GeV   $\eta \in [2, 3)$          —       —          —          —
------------------------------------------------------------------------------
EIC 141 GeV   inclusive               9564     853     0.7097     0.6520
EIC 141 GeV   $\eta \in [-1, 0)$         —       —          —          —
EIC 141 GeV   $\eta \in [0, 1)$       4194     272     0.7126     0.7649
EIC 141 GeV   $\eta \in [1, 2)$       3969     452     0.7092     0.7450
EIC 141 GeV   $\eta \in [2, 3)$        867     116     0.6969     0.7490
------------------------------------------------------------------------------
HERA 300 GeV  inclusive              17116    4529     0.7285     0.5720
HERA 300 GeV  $\eta \in [-1, 0)$      1806     183     0.6852     0.7828
HERA 300 GeV  $\eta \in [0, 1)$       5521     930     0.7171     0.7944
HERA 300 GeV  $\eta \in [1, 2)$       5477    1560     0.7261     0.7557
HERA 300 GeV  $\eta \in [2, 3)$       3413    1464     0.7338     0.7011
------------------------------------------------------------------------------
