Event Generation Started: Tue Apr 21 12:22:33 2026
=============================================================================
EVENT GENERATION CONFIGURATION
=============================================================================

--- Collider Setup ---
  Preset:           eic141
  Proton Energy:    275 GeV
  Electron Energy:  18 GeV
  √s:               140.7 GeV

--- Event Generation ---
  Number of Events: 1000000

--- Physics Cuts ---
  pTHatMin:         7.0 GeV
  Q²max:            1.0 GeV²

--- PYTHIA Tuning ---
  Tune:pp:          14 (Monash 2013)
  Tune:ee:          7 (Monash 2013)
  pT0Ref:           3.0 GeV (MPI regularization)
  StringZ:aLund:    0.7
  StringZ:bLund:    1.0 GeV⁻²
  StringPT:sigma:   0.3 GeV

--- Output ---
  ROOT File:        ./eic141_pTHat7_pT0Ref3.0_Q2max1_n1000k.root
  Log File:         ./eic141_pTHat7_pT0Ref3.0_Q2max1_n1000k.log
=============================================================================


 *------------------------------------------------------------------------------------* 
 |                                                                                    | 
 |  *------------------------------------------------------------------------------*  | 
 |  |                                                                              |  | 
 |  |                                                                              |  | 
 |  |   PPP   Y   Y  TTTTT  H   H  III    A      Welcome to the Lund Monte Carlo!  |  | 
 |  |   P  P   Y Y     T    H   H   I    A A     This is PYTHIA version 8.311      |  | 
 |  |   PPP     Y      T    HHHHH   I   AAAAA    Last date of change:  8 Mar 2024  |  | 
 |  |   P       Y      T    H   H   I   A   A                                      |  | 
 |  |   P       Y      T    H   H  III  A   A    Now is 21 Apr 2026 at 12:22:33    |  | 
 |  |                                                                              |  | 
 |  |   Program documentation and an archive of historic versions is found on:     |  | 
 |  |                                                                              |  | 
 |  |                               https://pythia.org/                            |  | 
 |  |                                                                              |  | 
 |  |   PYTHIA is authored by a collaboration consisting of:                       |  | 
 |  |                                                                              |  | 
 |  |   Javira Altmann, Christian Bierlich, Naomi Cooke, Nishita Desai,            |  | 
 |  |   Leif Gellersen, Ilkka Helenius, Philip Ilten, Leif Lonnblad,               |  | 
 |  |   Stephen Mrenna, Christian Preuss, Torbjorn Sjostrand, Peter Skands,        |  | 
 |  |   Marius Utheim, and Rob Verheyen.                                           |  | 
 |  |                                                                              |  | 
 |  |   The complete list of authors, including contact information and            |  | 
 |  |   affiliations, can be found on https://pythia.org/.                         |  | 
 |  |   Problems or bugs should be reported on email at authors@pythia.org.        |  | 
 |  |                                                                              |  | 
 |  |   The main program reference is C. Bierlich et al,                           |  | 
 |  |   'A comprehensive guide to the physics and usage of Pythia 8.3',            |  | 
 |  |   SciPost Phys. Codebases 8-r8.3 (2022) [arXiv:2203.11601 [hep-ph]]          |  | 
 |  |                                                                              |  | 
 |  |   PYTHIA is released under the GNU General Public Licence version 2 or later.|  | 
 |  |   Please respect the MCnet Guidelines for Event Generator Authors and Users. |  | 
 |  |                                                                              |  | 
 |  |   Disclaimer: this program comes without any guarantees.                     |  | 
 |  |   Beware of errors and use common sense when interpreting results.           |  | 
 |  |                                                                              |  | 
 |  |   Copyright (C) 2024 Torbjorn Sjostrand                                      |  | 
 |  |                                                                              |  | 
 |  |                                                                              |  | 
 |  *------------------------------------------------------------------------------*  | 
 |                                                                                    | 
 *------------------------------------------------------------------------------------* 

 PYTHIA Warning in PhaseSpace::trialKin123: maximum for cross section violated

 *-------  PYTHIA Process Initialization  --------------------------*
 |                                                                  |
 | We collide p+ with e- at a CM energy of 1.407e+02 GeV            |
 |                                                                  |
 |------------------------------------------------------------------|
 |                                                    |             |
 | Subprocess                                    Code |   Estimated |
 |                                                    |    max (mb) |
 |                                                    |             |
 |------------------------------------------------------------------|
 |                                                    |             |
 | g g -> g g                                     111 |   9.679e-06 |
 | g g -> q qbar (uds)                            112 |   2.443e-07 |
 | q g -> q g                                     113 |   3.429e-05 |
 | q q(bar)' -> q q(bar)'                         114 |   1.767e-05 |
 | q qbar -> g g                                  115 |   3.538e-07 |
 | q qbar -> q' qbar' (uds)                       116 |   1.944e-07 |
 | g g -> c cbar                                  121 |   7.301e-08 |
 | q qbar -> c cbar                               122 |   6.125e-08 |
 | g g -> b bbar                                  123 |   2.824e-08 |
 | q qbar -> b bbar                               124 |   3.839e-08 |
 | g gamma -> q qbar (uds)                        271 |   3.524e-06 |
 | g gamma -> c cbar                              272 |   2.178e-06 |
 | g gamma -> b bbar                              273 |   3.051e-07 |
 | q gamma -> q g (udscb)                         274 |   4.659e-06 |
 | gamma g -> q qbar (uds)                        281 |   3.947e-10 |
 | gamma g -> c cbar                              282 |   3.610e-10 |
 | gamma g -> b bbar                              283 |   3.743e-11 |
 | gamma q -> q g (udscb)                         284 |   1.209e-09 |
 |                                                                  |
 *-------  End PYTHIA Process Initialization -----------------------*
 PYTHIA Warning in MultipartonInteractions::init: maximum increased by factor 1.035

 *-------  PYTHIA Flag + Mode + Parm + Word + FVec + MVec + PVec + WVec Settings (changes only)  ------------------* 
 |                                                                                                                 | 
 | Name                                          |                      Now |      Default         Min         Max | 
 |                                               |                          |                                      | 
 | Beams:eA                                      |                275.00000 |     7000.000         0.0             | 
 | Beams:eB                                      |                 18.00000 |     7000.000         0.0             | 
 | Beams:frameType                               |                        2 |            1           1           5 | 
 | Beams:idB                                     |                       11 |         2212                         | 
 | HardQCD:all                                   |                       on |          off                         | 
 | Init:showChangedParticleData                  |                      off |           on                         | 
 | Init:showMultipartonInteractions              |                      off |           on                         | 
 | MultipartonInteractions:pT0Ref                |                  3.00000 |      2.28000     0.50000    10.00000 | 
 | Next:numberCount                              |                   100000 |         1000           0             | 
 | Next:numberShowEvent                          |                        0 |            1           0             | 
 | Next:numberShowInfo                           |                        0 |            1           0             | 
 | Next:numberShowProcess                        |                        0 |            1           0             | 
 | PDF:beamB2gamma                               |                       on |          off                         | 
 | PhaseSpace:pTHatMin                           |                  7.00000 |          0.0         0.0             | 
 | PhotonParton:all                              |                       on |          off                         | 
 |                                                                                                                 | 
 *-------  End PYTHIA Flag + Mode + Parm + Word + FVec + MVec + PVec + WVec Settings  -----------------------------* 

=== PYTHIA CONFIGURATION VERIFICATION ===
Tune:pp = 14
Tune:ee = 7
StringZ:aLund = 0.7
StringZ:bLund = 1.0
StringPT:sigma = 0.3
MultipartonInteractions:pT0Ref = 3.0
PhaseSpace:pTHatMin = 7.0
Photon:Q2max = 1.0
==========================================

Starting event generation...
Target: 1000000 events

  Progress: 0% | Valid: 0 | Efficiency: 0.0%
 PYTHIA Error in BeamRemnants::setKinematics: kinematics construction failed after retrying 10 times
 PYTHIA Error in Pythia::next: partonLevel failed; try again
 PYTHIA Abort from Pythia::next: parton+hadronLevel failed; giving up
 PYTHIA Warning in SimpleSpaceShower::pT2nextQCD: weight above unity
 PYTHIA Warning in SimpleSpaceShower::pT2nextQCD: small daughter PDF
 PYTHIA Error in SimpleSpaceShower::pT2nearThreshold: stuck in loop
 PYTHIA Warning in MultipartonInteractions::scatter: no room for remnants for given scattering
 PYTHIA Error in BeamRemnants::setOneRemnKinematics: beam remnant invariant mass too large
 PYTHIA Warning in HadronWidths::pickMasses: angular momentum and running widths not used
  Progress: 10% | Valid: 99960 | Efficiency: 100.0%

 Pythia::next(): 100000 events have been generated 
  Progress: 20% | Valid: 199921 | Efficiency: 100.0%

 Pythia::next(): 200000 events have been generated 
 PYTHIA Error in MiniStringFragmentation::fragment: no 1- or 2-body state found above mass threshold
 PYTHIA Error in HadronLevel::next: ministring fragmentation failed
 PYTHIA Error in Pythia::next: hadronLevel failed; try again
  Progress: 30% | Valid: 299873 | Efficiency: 100.0%

 Pythia::next(): 300000 events have been generated 
  Progress: 40% | Valid: 399836 | Efficiency: 100.0%

 Pythia::next(): 400000 events have been generated 
  Progress: 50% | Valid: 499803 | Efficiency: 100.0%

 Pythia::next(): 500000 events have been generated 
  Progress: 60% | Valid: 599771 | Efficiency: 100.0%

 Pythia::next(): 600000 events have been generated 
  Progress: 70% | Valid: 699738 | Efficiency: 100.0%

 Pythia::next(): 700000 events have been generated 
  Progress: 80% | Valid: 799697 | Efficiency: 100.0%

 Pythia::next(): 800000 events have been generated 
  Progress: 90% | Valid: 899653 | Efficiency: 100.0%

 Pythia::next(): 900000 events have been generated 
 PYTHIA Error in ParticleDecays::decay: failed to find workable decay channel for id = 10221

Event generation complete!


 *-------  PYTHIA Event and Cross Section Statistics  -------------------------------------------------------------*
 |                                                                                                                 |
 | Subprocess                                    Code |            Number of events       |      sigma +- delta    |
 |                                                    |       Tried   Selected   Accepted |     (estimated) (mb)   |
 |                                                    |                                   |                        |
 |-----------------------------------------------------------------------------------------------------------------|
 |                                                    |                                   |                        |
 | g g -> g g                                     111 |     1040312      88688      88688 |   8.294e-07  1.246e-09 |
 | g g -> q qbar (uds)                            112 |       26172       2287       2287 |   2.150e-08  2.076e-10 |
 | q g -> q g                                     113 |     3679748     347870     347653 |   3.229e-06  2.095e-09 |
 | q q(bar)' -> q q(bar)'                         114 |     1898583     166126     165973 |   1.544e-06  1.597e-09 |
 | q qbar -> g g                                  115 |       38081       3808       3805 |   3.585e-08  2.070e-10 |
 | q qbar -> q' qbar' (uds)                       116 |       20940       2858       2856 |   2.688e-08  2.012e-10 |
 | g g -> c cbar                                  121 |        7726        677        677 |   6.564e-09  1.172e-10 |
 | q qbar -> c cbar                               122 |        6534        924        924 |   8.583e-09  1.140e-10 |
 | g g -> b bbar                                  123 |        3040        309        309 |   2.859e-09  8.158e-11 |
 | q qbar -> b bbar                               124 |        4160        524        524 |   4.807e-09  8.356e-11 |
 | g gamma -> q qbar (uds)                        271 |      377816     126808     126808 |   1.186e-06  1.657e-09 |
 | g gamma -> c cbar                              272 |      233421      79142      79142 |   7.418e-07  1.333e-09 |
 | g gamma -> b bbar                              273 |       32771      11101      11101 |   1.033e-07  5.231e-10 |
 | q gamma -> q g (udscb)                         274 |      500769     168834     168834 |   1.566e-06  1.841e-09 |
 | gamma g -> q qbar (uds)                        281 |          46          4          4 |   5.147e-11  1.114e-11 |
 | gamma g -> c cbar                              282 |          42          5          5 |   3.812e-11  8.915e-12 |
 | gamma g -> b bbar                              283 |           2          0          0 |   0.000e+00  0.000e+00 |
 | gamma q -> q g (udscb)                         284 |         138         35         35 |   2.803e-10  2.144e-11 |
 |                                                    |                                   |                        |
 | sum                                                |     7870301    1000000     999625 |   9.307e-06  4.105e-09 |
 |                                                                                                                 |
 *-------  End PYTHIA Event and Cross Section Statistics ----------------------------------------------------------*

 *-------  PYTHIA Error and Warning Messages Statistics  ----------------------------------------------------------* 
 |                                                                                                                 | 
 |  times   message                                                                                                | 
 |                                                                                                                 | 
 |    375   Abort from Pythia::next: parton+hadronLevel failed; giving up                                          | 
 |  44920   Error in BeamRemnants::setKinematics: kinematics construction failed after retrying 10 times           | 
 |    199   Error in BeamRemnants::setOneRemnKinematics: beam remnant invariant mass too large                     | 
 |      2   Error in HadronLevel::next: ministring fragmentation failed                                            | 
 |      2   Error in MiniStringFragmentation::fragment: no 1- or 2-body state found above mass threshold           | 
 |      1   Error in ParticleDecays::decay: failed to find workable decay channel                                  | 
 |      2   Error in Pythia::next: hadronLevel failed; try again                                                   | 
 |   4167   Error in Pythia::next: partonLevel failed; try again                                                   | 
 |     37   Error in SimpleSpaceShower::pT2nearThreshold: stuck in loop                                            | 
 |      9   Warning in HadronWidths::pickMasses: angular momentum and running widths not used                      | 
 |      1   Warning in MultipartonInteractions::init: maximum increased                                            | 
 |    185   Warning in MultipartonInteractions::scatter: no room for remnants for given scattering                 | 
 |      2   Warning in PhaseSpace::trialKin123: maximum for cross section violated                                 | 
 |    188   Warning in SimpleSpaceShower::pT2nextQCD: small daughter PDF                                           | 
 |    201   Warning in SimpleSpaceShower::pT2nextQCD: weight above unity                                           | 
 |                                                                                                                 | 
 *-------  End PYTHIA Error and Warning Messages Statistics  ------------------------------------------------------* 

=============================================================================
EVENT GENERATION SUMMARY
=============================================================================
Output File: ./eic141_pTHat7_pT0Ref3.0_Q2max1_n1000k.root
Log File:    ./eic141_pTHat7_pT0Ref3.0_Q2max1_n1000k.log

--- Event Counts ---
Total Attempts:     1000000
Valid Events:       999625
Failed Events:      375
Efficiency:         100.0%

--- Subprocess Classification ---
  QQ (quark-init):    390610 (39.1%)
  GG (gluon-init):     92493 (9.3%)
  GQ (mixed):         516522 (51.7%)
  Unclassified:            0 (0.0%)

--- Photoproduction Type ---
  Resolved:           613696 (61.4%)
  Direct:             385929 (38.6%)

--- Process Code Breakdown ---
    Code                  Process     Count         %    Class
---------------------------------------------------------------
     111              g g → g g     88688     8.87%        GG
     112           g g → q qbar      2287     0.23%        QQ
     113              q g → q g    347653    34.78%        GQ
     114            q q' → q q'    165973    16.60%        QQ
     115           q qbar → g g      3805     0.38%        GG
     116      q qbar → q' qbar'      2856     0.29%        QQ
     121           g g → c cbar       677     0.07%        QQ
     122        q qbar → c cbar       924     0.09%        QQ
     123           g g → b bbar       309     0.03%        QQ
     124        q qbar → b bbar       524     0.05%        QQ
     271          g γ → q qbar    126808    12.69%        QQ
     272          g γ → c cbar     79142     7.92%        QQ
     273          g γ → b bbar     11101     1.11%        QQ
     274             q γ → q g    168834    16.89%        GQ
     281          γ g → q qbar         4     0.00%        QQ
     282          γ g → c cbar         5     0.00%        QQ
     284             γ q → q g        35     0.00%        GQ

--- Trees Saved ---
  QQ_Events:         390610 events
  GG_Events:          92493 events
  GQ_Events:         516522 events
  Combined_Events:   999625 events
  Resolved_Events:   613696 events
  Direct_Events:     385929 events
=============================================================================

Event generation completed successfully!
Output: ./eic141_pTHat7_pT0Ref3.0_Q2max1_n1000k.root
