Event Generation Started: Tue Apr 21 12:12:42 2026
=============================================================================
EVENT GENERATION CONFIGURATION
=============================================================================

--- Collider Setup ---
  Preset:           eic105
  Proton Energy:    275 GeV
  Electron Energy:  10 GeV
  √s:               104.9 GeV

--- Event Generation ---
  Number of Events: 1000000

--- Physics Cuts ---
  pTHatMin:         5.0 GeV
  Q²max:            1.0 GeV²

--- PYTHIA Tuning ---
  Tune:pp:          14 (Monash 2013)
  Tune:ee:          7 (Monash 2013)
  pT0Ref:           3.0 GeV (MPI regularization)
  StringZ:aLund:    0.7
  StringZ:bLund:    1.0 GeV⁻²
  StringPT:sigma:   0.3 GeV

--- Output ---
  ROOT File:        ./eic105_pTHat5_pT0Ref3.0_Q2max1_n1000k.root
  Log File:         ./eic105_pTHat5_pT0Ref3.0_Q2max1_n1000k.log
=============================================================================


 *------------------------------------------------------------------------------------* 
 |                                                                                    | 
 |  *------------------------------------------------------------------------------*  | 
 |  |                                                                              |  | 
 |  |                                                                              |  | 
 |  |   PPP   Y   Y  TTTTT  H   H  III    A      Welcome to the Lund Monte Carlo!  |  | 
 |  |   P  P   Y Y     T    H   H   I    A A     This is PYTHIA version 8.311      |  | 
 |  |   PPP     Y      T    HHHHH   I   AAAAA    Last date of change:  8 Mar 2024  |  | 
 |  |   P       Y      T    H   H   I   A   A                                      |  | 
 |  |   P       Y      T    H   H  III  A   A    Now is 21 Apr 2026 at 12:12:42    |  | 
 |  |                                                                              |  | 
 |  |   Program documentation and an archive of historic versions is found on:     |  | 
 |  |                                                                              |  | 
 |  |                               https://pythia.org/                            |  | 
 |  |                                                                              |  | 
 |  |   PYTHIA is authored by a collaboration consisting of:                       |  | 
 |  |                                                                              |  | 
 |  |   Javira Altmann, Christian Bierlich, Naomi Cooke, Nishita Desai,            |  | 
 |  |   Leif Gellersen, Ilkka Helenius, Philip Ilten, Leif Lonnblad,               |  | 
 |  |   Stephen Mrenna, Christian Preuss, Torbjorn Sjostrand, Peter Skands,        |  | 
 |  |   Marius Utheim, and Rob Verheyen.                                           |  | 
 |  |                                                                              |  | 
 |  |   The complete list of authors, including contact information and            |  | 
 |  |   affiliations, can be found on https://pythia.org/.                         |  | 
 |  |   Problems or bugs should be reported on email at authors@pythia.org.        |  | 
 |  |                                                                              |  | 
 |  |   The main program reference is C. Bierlich et al,                           |  | 
 |  |   'A comprehensive guide to the physics and usage of Pythia 8.3',            |  | 
 |  |   SciPost Phys. Codebases 8-r8.3 (2022) [arXiv:2203.11601 [hep-ph]]          |  | 
 |  |                                                                              |  | 
 |  |   PYTHIA is released under the GNU General Public Licence version 2 or later.|  | 
 |  |   Please respect the MCnet Guidelines for Event Generator Authors and Users. |  | 
 |  |                                                                              |  | 
 |  |   Disclaimer: this program comes without any guarantees.                     |  | 
 |  |   Beware of errors and use common sense when interpreting results.           |  | 
 |  |                                                                              |  | 
 |  |   Copyright (C) 2024 Torbjorn Sjostrand                                      |  | 
 |  |                                                                              |  | 
 |  |                                                                              |  | 
 |  *------------------------------------------------------------------------------*  | 
 |                                                                                    | 
 *------------------------------------------------------------------------------------* 

 PYTHIA Warning in PhaseSpace::trialKin123: maximum for cross section violated

 *-------  PYTHIA Process Initialization  --------------------------*
 |                                                                  |
 | We collide p+ with e- at a CM energy of 1.049e+02 GeV            |
 |                                                                  |
 |------------------------------------------------------------------|
 |                                                    |             |
 | Subprocess                                    Code |   Estimated |
 |                                                    |    max (mb) |
 |                                                    |             |
 |------------------------------------------------------------------|
 |                                                    |             |
 | g g -> g g                                     111 |   2.651e-05 |
 | g g -> q qbar (uds)                            112 |   6.540e-07 |
 | q g -> q g                                     113 |   8.542e-05 |
 | q q(bar)' -> q q(bar)'                         114 |   4.182e-05 |
 | q qbar -> g g                                  115 |   8.652e-07 |
 | q qbar -> q' qbar' (uds)                       116 |   4.613e-07 |
 | g g -> c cbar                                  121 |   1.763e-07 |
 | q qbar -> c cbar                               122 |   1.377e-07 |
 | g g -> b bbar                                  123 |   3.454e-08 |
 | q qbar -> b bbar                               124 |   5.991e-08 |
 | g gamma -> q qbar (uds)                        271 |   8.292e-06 |
 | g gamma -> c cbar                              272 |   4.794e-06 |
 | g gamma -> b bbar                              273 |   4.494e-07 |
 | q gamma -> q g (udscb)                         274 |   1.051e-05 |
 | gamma g -> q qbar (uds)                        281 |   8.417e-10 |
 | gamma g -> c cbar                              282 |   7.400e-10 |
 | gamma g -> b bbar                              283 |   4.220e-11 |
 | gamma q -> q g (udscb)                         284 |   2.322e-09 |
 |                                                                  |
 *-------  End PYTHIA Process Initialization -----------------------*

 *-------  PYTHIA Flag + Mode + Parm + Word + FVec + MVec + PVec + WVec Settings (changes only)  ------------------* 
 |                                                                                                                 | 
 | Name                                          |                      Now |      Default         Min         Max | 
 |                                               |                          |                                      | 
 | Beams:eA                                      |                275.00000 |     7000.000         0.0             | 
 | Beams:eB                                      |                 10.00000 |     7000.000         0.0             | 
 | Beams:frameType                               |                        2 |            1           1           5 | 
 | Beams:idB                                     |                       11 |         2212                         | 
 | HardQCD:all                                   |                       on |          off                         | 
 | Init:showChangedParticleData                  |                      off |           on                         | 
 | Init:showMultipartonInteractions              |                      off |           on                         | 
 | MultipartonInteractions:pT0Ref                |                  3.00000 |      2.28000     0.50000    10.00000 | 
 | Next:numberCount                              |                   100000 |         1000           0             | 
 | Next:numberShowEvent                          |                        0 |            1           0             | 
 | Next:numberShowInfo                           |                        0 |            1           0             | 
 | Next:numberShowProcess                        |                        0 |            1           0             | 
 | PDF:beamB2gamma                               |                       on |          off                         | 
 | PhaseSpace:pTHatMin                           |                  5.00000 |          0.0         0.0             | 
 | PhotonParton:all                              |                       on |          off                         | 
 |                                                                                                                 | 
 *-------  End PYTHIA Flag + Mode + Parm + Word + FVec + MVec + PVec + WVec Settings  -----------------------------* 

=== PYTHIA CONFIGURATION VERIFICATION ===
Tune:pp = 14
Tune:ee = 7
StringZ:aLund = 0.7
StringZ:bLund = 1.0
StringPT:sigma = 0.3
MultipartonInteractions:pT0Ref = 3.0
PhaseSpace:pTHatMin = 5.0
Photon:Q2max = 1.0
==========================================

Starting event generation...
Target: 1000000 events

  Progress: 0% | Valid: 0 | Efficiency: 0.0%
 PYTHIA Error in BeamRemnants::setKinematics: kinematics construction failed after retrying 10 times
 PYTHIA Error in Pythia::next: partonLevel failed; try again
 PYTHIA Abort from Pythia::next: parton+hadronLevel failed; giving up
 PYTHIA Warning in SimpleSpaceShower::pT2nextQCD: weight above unity
 PYTHIA Warning in MultipartonInteractions::scatter: no room for remnants for given scattering
 PYTHIA Warning in SimpleSpaceShower::pT2nextQCD: small daughter PDF
 PYTHIA Error in SimpleSpaceShower::pT2nearThreshold: stuck in loop
 PYTHIA Warning in HadronWidths::pickMasses: angular momentum and running widths not used
 PYTHIA Error in BeamRemnants::setOneRemnKinematics: beam remnant invariant mass too large
  Progress: 10% | Valid: 99952 | Efficiency: 100.0%

 Pythia::next(): 100000 events have been generated 
  Progress: 20% | Valid: 199892 | Efficiency: 99.9%

 Pythia::next(): 200000 events have been generated 
 PYTHIA Warning in BeamRemnants::addOld: colour tracing failed; will try again
 PYTHIA Error in BeamRemnants::addOld: colour tracing failed after 10 attempts
  Progress: 30% | Valid: 299857 | Efficiency: 100.0%

 Pythia::next(): 300000 events have been generated 
  Progress: 40% | Valid: 399787 | Efficiency: 99.9%

 Pythia::next(): 400000 events have been generated 
 PYTHIA Error in BeamRemnants::setKinematics: no momentum left for beam remnants
 PYTHIA Warning in SimpleSpaceShower::branch: used up beam momentum; retrying parton level
  Progress: 50% | Valid: 499732 | Efficiency: 99.9%

 Pythia::next(): 500000 events have been generated 
  Progress: 60% | Valid: 599666 | Efficiency: 99.9%

 Pythia::next(): 600000 events have been generated 
 PYTHIA Warning in TauDecays::decay: unknown correlated tau production, assuming from unpolarized photon
 PYTHIA Error in MiniStringFragmentation::fragment: no 1- or 2-body state found above mass threshold
 PYTHIA Error in HadronLevel::next: ministring fragmentation failed
 PYTHIA Error in Pythia::next: hadronLevel failed; try again
  Progress: 70% | Valid: 699609 | Efficiency: 99.9%

 Pythia::next(): 700000 events have been generated 
 PYTHIA Error in StringFragmentation::fragment: stuck in joining
  Progress: 80% | Valid: 799555 | Efficiency: 99.9%

 Pythia::next(): 800000 events have been generated 
  Progress: 90% | Valid: 899497 | Efficiency: 99.9%

 Pythia::next(): 900000 events have been generated 
 PYTHIA Error in BeamParticle::remnantColours: leftover unmatched colours

Event generation complete!


 *-------  PYTHIA Event and Cross Section Statistics  -------------------------------------------------------------*
 |                                                                                                                 |
 | Subprocess                                    Code |            Number of events       |      sigma +- delta    |
 |                                                    |       Tried   Selected   Accepted |     (estimated) (mb)   |
 |                                                    |                                   |                        |
 |-----------------------------------------------------------------------------------------------------------------|
 |                                                    |                                   |                        |
 | g g -> g g                                     111 |     1215739     103230     103230 |   2.250e-06  3.138e-09 |
 | g g -> q qbar (uds)                            112 |       30132       2646       2646 |   5.805e-08  5.227e-10 |
 | q g -> q g                                     113 |     3917148     352221     351887 |   7.684e-06  4.847e-09 |
 | q q(bar)' -> q q(bar)'                         114 |     1920686     158554     158337 |   3.446e-06  3.547e-09 |
 | q qbar -> g g                                  115 |       39605       3838       3836 |   8.469e-08  4.818e-10 |
 | q qbar -> q' qbar' (uds)                       116 |       21182       2861       2861 |   6.286e-08  4.614e-10 |
 | g g -> c cbar                                  121 |        8180        735        735 |   1.605e-08  2.790e-10 |
 | q qbar -> c cbar                               122 |        6366        841        841 |   1.858e-08  2.481e-10 |
 | g g -> b bbar                                  123 |        1522        156        156 |   3.233e-09  1.435e-10 |
 | q qbar -> b bbar                               124 |        2801        313        313 |   6.893e-09  1.506e-10 |
 | g gamma -> q qbar (uds)                        271 |      380354     129300     129300 |   2.814e-06  3.859e-09 |
 | g gamma -> c cbar                              272 |      219949      76581      76581 |   1.664e-06  3.042e-09 |
 | g gamma -> b bbar                              273 |       20760       6451       6451 |   1.399e-07  9.231e-10 |
 | q gamma -> q g (udscb)                         274 |      481401     162249     162246 |   3.538e-06  4.227e-09 |
 | gamma g -> q qbar (uds)                        281 |          37          4          4 |   8.756e-11  1.978e-11 |
 | gamma g -> c cbar                              282 |          49          1          1 |   7.154e-11  7.154e-11 |
 | gamma g -> b bbar                              283 |           0          0          0 |   0.000e+00  0.000e+00 |
 | gamma q -> q g (udscb)                         284 |         108         19         19 |   5.573e-10  5.006e-11 |
 |                                                    |                                   |                        |
 | sum                                                |     8266019    1000000     999444 |   2.179e-05  9.471e-09 |
 |                                                                                                                 |
 *-------  End PYTHIA Event and Cross Section Statistics ----------------------------------------------------------*

 *-------  PYTHIA Error and Warning Messages Statistics  ----------------------------------------------------------* 
 |                                                                                                                 | 
 |  times   message                                                                                                | 
 |                                                                                                                 | 
 |    556   Abort from Pythia::next: parton+hadronLevel failed; giving up                                          | 
 |     10   Error in BeamParticle::remnantColours: leftover unmatched colours                                      | 
 |      2   Error in BeamRemnants::addOld: colour tracing failed after 10 attempts                                 | 
 |  67794   Error in BeamRemnants::setKinematics: kinematics construction failed after retrying 10 times           | 
 |     27   Error in BeamRemnants::setKinematics: no momentum left for beam remnants                               | 
 |    688   Error in BeamRemnants::setOneRemnKinematics: beam remnant invariant mass too large                     | 
 |      2   Error in HadronLevel::next: ministring fragmentation failed                                            | 
 |      2   Error in MiniStringFragmentation::fragment: no 1- or 2-body state found above mass threshold           | 
 |      3   Error in Pythia::next: hadronLevel failed; try again                                                   | 
 |   6352   Error in Pythia::next: partonLevel failed; try again                                                   | 
 |     87   Error in SimpleSpaceShower::pT2nearThreshold: stuck in loop                                            | 
 |      1   Error in StringFragmentation::fragment: stuck in joining                                               | 
 |     20   Warning in BeamRemnants::addOld: colour tracing failed; will try again                                 | 
 |      8   Warning in HadronWidths::pickMasses: angular momentum and running widths not used                      | 
 |    264   Warning in MultipartonInteractions::scatter: no room for remnants for given scattering                 | 
 |      3   Warning in PhaseSpace::trialKin123: maximum for cross section violated                                 | 
 |    173   Warning in SimpleSpaceShower::branch: used up beam momentum; retrying parton level                     | 
 |    244   Warning in SimpleSpaceShower::pT2nextQCD: small daughter PDF                                           | 
 |    133   Warning in SimpleSpaceShower::pT2nextQCD: weight above unity                                           | 
 |      1   Warning in TauDecays::decay: unknown correlated tau production, assuming from unpolarized photon       | 
 |                                                                                                                 | 
 *-------  End PYTHIA Error and Warning Messages Statistics  ------------------------------------------------------* 

=============================================================================
EVENT GENERATION SUMMARY
=============================================================================
Output File: ./eic105_pTHat5_pT0Ref3.0_Q2max1_n1000k.root
Log File:    ./eic105_pTHat5_pT0Ref3.0_Q2max1_n1000k.log

--- Event Counts ---
Total Attempts:     1000000
Valid Events:       999444
Failed Events:      556
Efficiency:         99.9%

--- Subprocess Classification ---
  QQ (quark-init):    378226 (37.8%)
  GG (gluon-init):    107066 (10.7%)
  GQ (mixed):         514152 (51.4%)
  Unclassified:            0 (0.0%)

--- Photoproduction Type ---
  Resolved:           624842 (62.5%)
  Direct:             374602 (37.5%)

--- Process Code Breakdown ---
    Code                  Process     Count         %    Class
---------------------------------------------------------------
     111              g g → g g    103230    10.33%        GG
     112           g g → q qbar      2646     0.26%        QQ
     113              q g → q g    351887    35.21%        GQ
     114            q q' → q q'    158337    15.84%        QQ
     115           q qbar → g g      3836     0.38%        GG
     116      q qbar → q' qbar'      2861     0.29%        QQ
     121           g g → c cbar       735     0.07%        QQ
     122        q qbar → c cbar       841     0.08%        QQ
     123           g g → b bbar       156     0.02%        QQ
     124        q qbar → b bbar       313     0.03%        QQ
     271          g γ → q qbar    129300    12.94%        QQ
     272          g γ → c cbar     76581     7.66%        QQ
     273          g γ → b bbar      6451     0.65%        QQ
     274             q γ → q g    162246    16.23%        GQ
     281          γ g → q qbar         4     0.00%        QQ
     282          γ g → c cbar         1     0.00%        QQ
     284             γ q → q g        19     0.00%        GQ

--- Trees Saved ---
  QQ_Events:         378226 events
  GG_Events:         107066 events
  GQ_Events:         514152 events
  Combined_Events:   999444 events
  Resolved_Events:   624842 events
  Direct_Events:     374602 events
=============================================================================

Event generation completed successfully!
Output: ./eic105_pTHat5_pT0Ref3.0_Q2max1_n1000k.root
