Event Generation Started: Tue Apr 21 12:12:42 2026
=============================================================================
EVENT GENERATION CONFIGURATION
=============================================================================

--- Collider Setup ---
  Preset:           eic64
  Proton Energy:    100 GeV
  Electron Energy:  10 GeV
  √s:               63.2 GeV

--- Event Generation ---
  Number of Events: 1000000

--- Physics Cuts ---
  pTHatMin:         5.0 GeV
  Q²max:            1.0 GeV²

--- PYTHIA Tuning ---
  Tune:pp:          14 (Monash 2013)
  Tune:ee:          7 (Monash 2013)
  pT0Ref:           3.0 GeV (MPI regularization)
  StringZ:aLund:    0.7
  StringZ:bLund:    1.0 GeV⁻²
  StringPT:sigma:   0.3 GeV

--- Output ---
  ROOT File:        ./eic64_pTHat5_pT0Ref3.0_Q2max1_n1000k.root
  Log File:         ./eic64_pTHat5_pT0Ref3.0_Q2max1_n1000k.log
=============================================================================


 *------------------------------------------------------------------------------------* 
 |                                                                                    | 
 |  *------------------------------------------------------------------------------*  | 
 |  |                                                                              |  | 
 |  |                                                                              |  | 
 |  |   PPP   Y   Y  TTTTT  H   H  III    A      Welcome to the Lund Monte Carlo!  |  | 
 |  |   P  P   Y Y     T    H   H   I    A A     This is PYTHIA version 8.311      |  | 
 |  |   PPP     Y      T    HHHHH   I   AAAAA    Last date of change:  8 Mar 2024  |  | 
 |  |   P       Y      T    H   H   I   A   A                                      |  | 
 |  |   P       Y      T    H   H  III  A   A    Now is 21 Apr 2026 at 12:12:42    |  | 
 |  |                                                                              |  | 
 |  |   Program documentation and an archive of historic versions is found on:     |  | 
 |  |                                                                              |  | 
 |  |                               https://pythia.org/                            |  | 
 |  |                                                                              |  | 
 |  |   PYTHIA is authored by a collaboration consisting of:                       |  | 
 |  |                                                                              |  | 
 |  |   Javira Altmann, Christian Bierlich, Naomi Cooke, Nishita Desai,            |  | 
 |  |   Leif Gellersen, Ilkka Helenius, Philip Ilten, Leif Lonnblad,               |  | 
 |  |   Stephen Mrenna, Christian Preuss, Torbjorn Sjostrand, Peter Skands,        |  | 
 |  |   Marius Utheim, and Rob Verheyen.                                           |  | 
 |  |                                                                              |  | 
 |  |   The complete list of authors, including contact information and            |  | 
 |  |   affiliations, can be found on https://pythia.org/.                         |  | 
 |  |   Problems or bugs should be reported on email at authors@pythia.org.        |  | 
 |  |                                                                              |  | 
 |  |   The main program reference is C. Bierlich et al,                           |  | 
 |  |   'A comprehensive guide to the physics and usage of Pythia 8.3',            |  | 
 |  |   SciPost Phys. Codebases 8-r8.3 (2022) [arXiv:2203.11601 [hep-ph]]          |  | 
 |  |                                                                              |  | 
 |  |   PYTHIA is released under the GNU General Public Licence version 2 or later.|  | 
 |  |   Please respect the MCnet Guidelines for Event Generator Authors and Users. |  | 
 |  |                                                                              |  | 
 |  |   Disclaimer: this program comes without any guarantees.                     |  | 
 |  |   Beware of errors and use common sense when interpreting results.           |  | 
 |  |                                                                              |  | 
 |  |   Copyright (C) 2024 Torbjorn Sjostrand                                      |  | 
 |  |                                                                              |  | 
 |  |                                                                              |  | 
 |  *------------------------------------------------------------------------------*  | 
 |                                                                                    | 
 *------------------------------------------------------------------------------------* 


 *-------  PYTHIA Process Initialization  --------------------------*
 |                                                                  |
 | We collide p+ with e- at a CM energy of 6.325e+01 GeV            |
 |                                                                  |
 |------------------------------------------------------------------|
 |                                                    |             |
 | Subprocess                                    Code |   Estimated |
 |                                                    |    max (mb) |
 |                                                    |             |
 |------------------------------------------------------------------|
 |                                                    |             |
 | g g -> g g                                     111 |   4.625e-06 |
 | g g -> q qbar (uds)                            112 |   1.276e-07 |
 | q g -> q g                                     113 |   1.847e-05 |
 | q q(bar)' -> q q(bar)'                         114 |   1.181e-05 |
 | q qbar -> g g                                  115 |   2.923e-07 |
 | q qbar -> q' qbar' (uds)                       116 |   1.995e-07 |
 | g g -> c cbar                                  121 |   3.365e-08 |
 | q qbar -> c cbar                               122 |   5.854e-08 |
 | g g -> b bbar                                  123 |   5.009e-09 |
 | q qbar -> b bbar                               124 |   2.033e-08 |
 | g gamma -> q qbar (uds)                        271 |   2.973e-06 |
 | g gamma -> c cbar                              272 |   1.661e-06 |
 | g gamma -> b bbar                              273 |   1.262e-07 |
 | q gamma -> q g (udscb)                         274 |   5.172e-06 |
 | gamma g -> q qbar (uds)                        281 |   3.616e-10 |
 | gamma g -> c cbar                              282 |   2.078e-10 |
 | gamma g -> b bbar                              283 |   1.645e-11 |
 | gamma q -> q g (udscb)                         284 |   9.143e-10 |
 |                                                                  |
 *-------  End PYTHIA Process Initialization -----------------------*

 *-------  PYTHIA Flag + Mode + Parm + Word + FVec + MVec + PVec + WVec Settings (changes only)  ------------------* 
 |                                                                                                                 | 
 | Name                                          |                      Now |      Default         Min         Max | 
 |                                               |                          |                                      | 
 | Beams:eA                                      |                100.00000 |     7000.000         0.0             | 
 | Beams:eB                                      |                 10.00000 |     7000.000         0.0             | 
 | Beams:frameType                               |                        2 |            1           1           5 | 
 | Beams:idB                                     |                       11 |         2212                         | 
 | HardQCD:all                                   |                       on |          off                         | 
 | Init:showChangedParticleData                  |                      off |           on                         | 
 | Init:showMultipartonInteractions              |                      off |           on                         | 
 | MultipartonInteractions:pT0Ref                |                  3.00000 |      2.28000     0.50000    10.00000 | 
 | Next:numberCount                              |                   100000 |         1000           0             | 
 | Next:numberShowEvent                          |                        0 |            1           0             | 
 | Next:numberShowInfo                           |                        0 |            1           0             | 
 | Next:numberShowProcess                        |                        0 |            1           0             | 
 | PDF:beamB2gamma                               |                       on |          off                         | 
 | PhaseSpace:pTHatMin                           |                  5.00000 |          0.0         0.0             | 
 | PhotonParton:all                              |                       on |          off                         | 
 |                                                                                                                 | 
 *-------  End PYTHIA Flag + Mode + Parm + Word + FVec + MVec + PVec + WVec Settings  -----------------------------* 

=== PYTHIA CONFIGURATION VERIFICATION ===
Tune:pp = 14
Tune:ee = 7
StringZ:aLund = 0.7
StringZ:bLund = 1.0
StringPT:sigma = 0.3
MultipartonInteractions:pT0Ref = 3.0
PhaseSpace:pTHatMin = 5.0
Photon:Q2max = 1.0
==========================================

Starting event generation...
Target: 1000000 events

  Progress: 0% | Valid: 0 | Efficiency: 0.0%
 PYTHIA Warning in SimpleSpaceShower::pT2nextQCD: weight above unity
 PYTHIA Error in BeamRemnants::setKinematics: kinematics construction failed after retrying 10 times
 PYTHIA Error in Pythia::next: partonLevel failed; try again
 PYTHIA Abort from Pythia::next: parton+hadronLevel failed; giving up
 PYTHIA Warning in MultipartonInteractions::scatter: no room for remnants for given scattering
 PYTHIA Error in BeamRemnants::setOneRemnKinematics: beam remnant invariant mass too large
 PYTHIA Error in SimpleSpaceShower::pT2nearThreshold: stuck in loop
 PYTHIA Warning in SimpleSpaceShower::pT2nextQCD: small daughter PDF
 PYTHIA Warning in HadronWidths::pickMasses: angular momentum and running widths not used
  Progress: 10% | Valid: 99844 | Efficiency: 99.8%

 Pythia::next(): 100000 events have been generated 
 PYTHIA Error in MiniStringFragmentation::fragment: no 1- or 2-body state found above mass threshold
 PYTHIA Error in HadronLevel::next: ministring fragmentation failed
 PYTHIA Error in Pythia::next: hadronLevel failed; try again
 PYTHIA Warning in PhaseSpace::trialKin123: maximum for cross section violated
  Progress: 20% | Valid: 199709 | Efficiency: 99.9%

 Pythia::next(): 200000 events have been generated 
  Progress: 30% | Valid: 299565 | Efficiency: 99.9%

 Pythia::next(): 300000 events have been generated 
 PYTHIA Warning in SimpleSpaceShower::branch: used up beam momentum; retrying parton level
 PYTHIA Error in BeamRemnants::setKinematics: no momentum left for beam remnants
  Progress: 40% | Valid: 399408 | Efficiency: 99.9%

 Pythia::next(): 400000 events have been generated 
  Progress: 50% | Valid: 499260 | Efficiency: 99.9%

 Pythia::next(): 500000 events have been generated 
  Progress: 60% | Valid: 599130 | Efficiency: 99.9%

 Pythia::next(): 600000 events have been generated 
  Progress: 70% | Valid: 698977 | Efficiency: 99.9%

 Pythia::next(): 700000 events have been generated 
  Progress: 80% | Valid: 798816 | Efficiency: 99.9%

 Pythia::next(): 800000 events have been generated 
  Progress: 90% | Valid: 898663 | Efficiency: 99.9%

 Pythia::next(): 900000 events have been generated 
 PYTHIA Warning in TauDecays::decay: unknown correlated tau production, assuming from unpolarized photon

Event generation complete!


 *-------  PYTHIA Event and Cross Section Statistics  -------------------------------------------------------------*
 |                                                                                                                 |
 | Subprocess                                    Code |            Number of events       |      sigma +- delta    |
 |                                                    |       Tried   Selected   Accepted |     (estimated) (mb)   |
 |                                                    |                                   |                        |
 |-----------------------------------------------------------------------------------------------------------------|
 |                                                    |                                   |                        |
 | g g -> g g                                     111 |      717747      54230      54229 |   3.489e-07  6.690e-10 |
 | g g -> q qbar (uds)                            112 |       19888       1453       1453 |   9.384e-09  1.125e-10 |
 | q g -> q g                                     113 |     2866515     271629     270800 |   1.745e-06  1.226e-09 |
 | q q(bar)' -> q q(bar)'                         114 |     1829250     164417     163782 |   1.061e-06  1.047e-09 |
 | q qbar -> g g                                  115 |       45087       4702       4699 |   3.035e-08  1.552e-10 |
 | q qbar -> q' qbar' (uds)                       116 |       31012       3766       3762 |   2.419e-08  1.545e-10 |
 | g g -> c cbar                                  121 |        5296        376        376 |   2.576e-09  5.921e-11 |
 | q qbar -> c cbar                               122 |        9098       1042       1042 |   6.760e-09  8.057e-11 |
 | g g -> b bbar                                  123 |         786         58         58 |   4.348e-10  2.724e-11 |
 | q qbar -> b bbar                               124 |        3252        324        324 |   2.078e-09  4.326e-11 |
 | g gamma -> q qbar (uds)                        271 |      461439     142705     142705 |   9.204e-07  1.291e-09 |
 | g gamma -> c cbar                              272 |      258301      82411      82411 |   5.311e-07  1.001e-09 |
 | g gamma -> b bbar                              273 |       19402       5646       5646 |   3.674e-08  2.758e-10 |
 | q gamma -> q g (udscb)                         274 |      802215     267204     267187 |   1.722e-06  1.626e-09 |
 | gamma g -> q qbar (uds)                        281 |          69          7          7 |   3.717e-11  7.104e-12 |
 | gamma g -> c cbar                              282 |          35          2          2 |   1.244e-11  2.321e-12 |
 | gamma g -> b bbar                              283 |           0          0          0 |   0.000e+00  0.000e+00 |
 | gamma q -> q g (udscb)                         284 |         143         28         28 |   1.738e-10  1.559e-11 |
 |                                                    |                                   |                        |
 | sum                                                |     7069535    1000000     998511 |   6.441e-06  2.917e-09 |
 |                                                                                                                 |
 *-------  End PYTHIA Event and Cross Section Statistics ----------------------------------------------------------*

 *-------  PYTHIA Error and Warning Messages Statistics  ----------------------------------------------------------* 
 |                                                                                                                 | 
 |  times   message                                                                                                | 
 |                                                                                                                 | 
 |   1489   Abort from Pythia::next: parton+hadronLevel failed; giving up                                          | 
 | 172012   Error in BeamRemnants::setKinematics: kinematics construction failed after retrying 10 times           | 
 |    562   Error in BeamRemnants::setKinematics: no momentum left for beam remnants                               | 
 |   2048   Error in BeamRemnants::setOneRemnKinematics: beam remnant invariant mass too large                     | 
 |      5   Error in HadronLevel::next: ministring fragmentation failed                                            | 
 |      5   Error in MiniStringFragmentation::fragment: no 1- or 2-body state found above mass threshold           | 
 |      5   Error in Pythia::next: hadronLevel failed; try again                                                   | 
 |  16569   Error in Pythia::next: partonLevel failed; try again                                                   | 
 |    240   Error in SimpleSpaceShower::pT2nearThreshold: stuck in loop                                            | 
 |      6   Warning in HadronWidths::pickMasses: angular momentum and running widths not used                      | 
 |    692   Warning in MultipartonInteractions::scatter: no room for remnants for given scattering                 | 
 |      2   Warning in PhaseSpace::trialKin123: maximum for cross section violated                                 | 
 |    438   Warning in SimpleSpaceShower::branch: used up beam momentum; retrying parton level                     | 
 |     72   Warning in SimpleSpaceShower::pT2nextQCD: small daughter PDF                                           | 
 |    171   Warning in SimpleSpaceShower::pT2nextQCD: weight above unity                                           | 
 |      1   Warning in TauDecays::decay: unknown correlated tau production, assuming from unpolarized photon       | 
 |                                                                                                                 | 
 *-------  End PYTHIA Error and Warning Messages Statistics  ------------------------------------------------------* 

=============================================================================
EVENT GENERATION SUMMARY
=============================================================================
Output File: ./eic64_pTHat5_pT0Ref3.0_Q2max1_n1000k.root
Log File:    ./eic64_pTHat5_pT0Ref3.0_Q2max1_n1000k.log

--- Event Counts ---
Total Attempts:     1000000
Valid Events:       998511
Failed Events:      1489
Efficiency:         99.9%

--- Subprocess Classification ---
  QQ (quark-init):    401568 (40.2%)
  GG (gluon-init):     58928 (5.9%)
  GQ (mixed):         538015 (53.9%)
  Unclassified:            0 (0.0%)

--- Photoproduction Type ---
  Resolved:           500525 (50.1%)
  Direct:             497986 (49.9%)

--- Process Code Breakdown ---
    Code                  Process     Count         %    Class
---------------------------------------------------------------
     111              g g → g g     54229     5.43%        GG
     112           g g → q qbar      1453     0.15%        QQ
     113              q g → q g    270800    27.12%        GQ
     114            q q' → q q'    163782    16.40%        QQ
     115           q qbar → g g      4699     0.47%        GG
     116      q qbar → q' qbar'      3762     0.38%        QQ
     121           g g → c cbar       376     0.04%        QQ
     122        q qbar → c cbar      1042     0.10%        QQ
     123           g g → b bbar        58     0.01%        QQ
     124        q qbar → b bbar       324     0.03%        QQ
     271          g γ → q qbar    142705    14.29%        QQ
     272          g γ → c cbar     82411     8.25%        QQ
     273          g γ → b bbar      5646     0.57%        QQ
     274             q γ → q g    267187    26.76%        GQ
     281          γ g → q qbar         7     0.00%        QQ
     282          γ g → c cbar         2     0.00%        QQ
     284             γ q → q g        28     0.00%        GQ

--- Trees Saved ---
  QQ_Events:         401568 events
  GG_Events:          58928 events
  GQ_Events:         538015 events
  Combined_Events:   998511 events
  Resolved_Events:   500525 events
  Direct_Events:     497986 events
=============================================================================

Event generation completed successfully!
Output: ./eic64_pTHat5_pT0Ref3.0_Q2max1_n1000k.root
