==============================================================================
ROC scan  —  sample: dijets_hera300_pT7_R10_EtMin17_10_7
input:   dijets_hera300_pT7_R10_EtMin17_10_7.root
bins:    [(-1.0, 0.0), (0.0, 1.0), (1.0, 1.5), (1.5, 2.0)]  (min 20 jets per class to include)
==============================================================================

Loaded: N_QQ = 16,844,  N_GG = 4,150

------------------------------------------------------------------------------
Inclusive (eta-pooled)
------------------------------------------------------------------------------
  N_QQ=16,844  N_GG=4,150
  n_SD       : AUC = 0.7163   sep = +0.582
  n_subjets  : AUC = 0.5776   sep = +0.228
  -> wrote roc_inclusive.pdf

------------------------------------------------------------------------------
eta in [-1.0, +0.0)
------------------------------------------------------------------------------
  N_QQ=1,841  N_GG=188
  n_SD       : AUC = 0.6844   sep = +0.496
  n_subjets  : AUC = 0.7836   sep = +0.784
  -> wrote roc_eta_m1.0_p0.0.pdf

------------------------------------------------------------------------------
eta in [+0.0, +1.0)
------------------------------------------------------------------------------
  N_QQ=5,446  N_GG=887
  n_SD       : AUC = 0.7174   sep = +0.584
  n_subjets  : AUC = 0.8005   sep = +0.857
  -> wrote roc_eta_p0.0_p1.0.pdf

------------------------------------------------------------------------------
eta in [+1.0, +1.5)
------------------------------------------------------------------------------
  N_QQ=2,863  N_GG=689
  n_SD       : AUC = 0.6954   sep = +0.523
  n_subjets  : AUC = 0.7669   sep = +0.746
  -> wrote roc_eta_p1.0_p1.5.pdf

------------------------------------------------------------------------------
eta in [+1.5, +2.0)
------------------------------------------------------------------------------
  N_QQ=2,508  N_GG=699
  n_SD       : AUC = 0.7301   sep = +0.628
  n_subjets  : AUC = 0.7820   sep = +0.807
  -> wrote roc_eta_p1.5_p2.0.pdf

-> wrote roc_all_bins.pdf (grid view)

==============================================================================
SUMMARY
==============================================================================
bin                   N_QQ      N_GG     AUC_nSD   sep_nSD     AUC_nSJ   sep_nSJ
--------------------------------------------------------------------------------
inclusive            16844      4150      0.7163    +0.582      0.5776    +0.228
[-1.0,+0.0)           1841       188      0.6844    +0.496      0.7836    +0.784
[+0.0,+1.0)           5446       887      0.7174    +0.584      0.8005    +0.857
[+1.0,+1.5)           2863       689      0.6954    +0.523      0.7669    +0.746
[+1.5,+2.0)           2508       699      0.7301    +0.628      0.7820    +0.807
