==============================================================================
ROC scan  —  sample: alljets_hera300_pT7_R10_EtMin17
input:   alljets_hera300_pT7_R10_EtMin17.root
bins:    [(-1.0, 0.0), (0.0, 1.0), (1.0, 1.5), (1.5, 2.0)]  (min 20 jets per class to include)
==============================================================================

Loaded: N_QQ = 17,116,  N_GG = 4,529

------------------------------------------------------------------------------
Inclusive (eta-pooled)
------------------------------------------------------------------------------
  N_QQ=17,116  N_GG=4,529
  n_SD       : AUC = 0.7285   sep = +0.617
  n_subjets  : AUC = 0.5720   sep = +0.208
  -> wrote roc_inclusive.pdf

------------------------------------------------------------------------------
eta in [-1.0, +0.0)
------------------------------------------------------------------------------
  N_QQ=1,806  N_GG=183
  n_SD       : AUC = 0.6852   sep = +0.497
  n_subjets  : AUC = 0.7828   sep = +0.797
  -> wrote roc_eta_m1.0_p0.0.pdf

------------------------------------------------------------------------------
eta in [+0.0, +1.0)
------------------------------------------------------------------------------
  N_QQ=5,521  N_GG=930
  n_SD       : AUC = 0.7171   sep = +0.583
  n_subjets  : AUC = 0.7944   sep = +0.839
  -> wrote roc_eta_p0.0_p1.0.pdf

------------------------------------------------------------------------------
eta in [+1.0, +1.5)
------------------------------------------------------------------------------
  N_QQ=2,909  N_GG=783
  n_SD       : AUC = 0.7240   sep = +0.606
  n_subjets  : AUC = 0.7846   sep = +0.815
  -> wrote roc_eta_p1.0_p1.5.pdf

------------------------------------------------------------------------------
eta in [+1.5, +2.0)
------------------------------------------------------------------------------
  N_QQ=2,568  N_GG=777
  n_SD       : AUC = 0.7282   sep = +0.620
  n_subjets  : AUC = 0.7705   sep = +0.776
  -> wrote roc_eta_p1.5_p2.0.pdf

-> wrote roc_all_bins.pdf (grid view)

==============================================================================
SUMMARY
==============================================================================
bin                   N_QQ      N_GG     AUC_nSD   sep_nSD     AUC_nSJ   sep_nSJ
--------------------------------------------------------------------------------
inclusive            17116      4529      0.7285    +0.617      0.5720    +0.208
[-1.0,+0.0)           1806       183      0.6852    +0.497      0.7828    +0.797
[+0.0,+1.0)           5521       930      0.7171    +0.583      0.7944    +0.839
[+1.0,+1.5)           2909       783      0.7240    +0.606      0.7846    +0.815
[+1.5,+2.0)           2568       777      0.7282    +0.620      0.7705    +0.776
