==============================================================================
ROC scan  —  sample: dijets_eic105_pT7_R10_EtMin10_10_7
input:   dijets_eic105_pT7_R10_EtMin10_10_7.root
bins:    [(-1.0, 0.0), (0.0, 1.0), (1.0, 1.5), (1.5, 2.0)]  (min 20 jets per class to include)
==============================================================================

Loaded: N_QQ = 27,242,  N_GG = 2,844

------------------------------------------------------------------------------
Inclusive (eta-pooled)
------------------------------------------------------------------------------
  N_QQ=27,242  N_GG=2,844
  n_SD       : AUC = 0.6784   sep = +0.470
  n_subjets  : AUC = 0.5849   sep = +0.223
  -> wrote roc_inclusive.pdf

------------------------------------------------------------------------------
eta in [-1.0, +0.0)
------------------------------------------------------------------------------
  N_QQ=676  N_GG=16  — below min-jets=20, skipping PDF

------------------------------------------------------------------------------
eta in [+0.0, +1.0)
------------------------------------------------------------------------------
  N_QQ=9,036  N_GG=612
  n_SD       : AUC = 0.6620   sep = +0.431
  n_subjets  : AUC = 0.6975   sep = +0.534
  -> wrote roc_eta_p0.0_p1.0.pdf

------------------------------------------------------------------------------
eta in [+1.0, +1.5)
------------------------------------------------------------------------------
  N_QQ=6,079  N_GG=626
  n_SD       : AUC = 0.6726   sep = +0.456
  n_subjets  : AUC = 0.7302   sep = +0.636
  -> wrote roc_eta_p1.0_p1.5.pdf

------------------------------------------------------------------------------
eta in [+1.5, +2.0)
------------------------------------------------------------------------------
  N_QQ=5,482  N_GG=688
  n_SD       : AUC = 0.6840   sep = +0.484
  n_subjets  : AUC = 0.7174   sep = +0.609
  -> wrote roc_eta_p1.5_p2.0.pdf

-> wrote roc_all_bins.pdf (grid view)

==============================================================================
SUMMARY
==============================================================================
bin                   N_QQ      N_GG     AUC_nSD   sep_nSD     AUC_nSJ   sep_nSJ
--------------------------------------------------------------------------------
inclusive            27242      2844      0.6784    +0.470      0.5849    +0.223
[-1.0,+0.0)            676        16           —         —           —         —
[+0.0,+1.0)           9036       612      0.6620    +0.431      0.6975    +0.534
[+1.0,+1.5)           6079       626      0.6726    +0.456      0.7302    +0.636
[+1.5,+2.0)           5482       688      0.6840    +0.484      0.7174    +0.609
