==============================================================================
ROC scan  —  sample: dijets_eic141_pT7_R10_EtMin10_10_7
input:   dijets_eic141_pT7_R10_EtMin10_10_7.root
bins:    [(-1.0, 0.0), (0.0, 1.0), (1.0, 1.5), (1.5, 2.0)]  (min 20 jets per class to include)
==============================================================================

Loaded: N_QQ = 150,638,  N_GG = 33,260

------------------------------------------------------------------------------
Inclusive (eta-pooled)
------------------------------------------------------------------------------
  N_QQ=150,638  N_GG=33,260
  n_SD       : AUC = 0.6952   sep = +0.519
  n_subjets  : AUC = 0.5820   sep = +0.223
  -> wrote roc_inclusive.pdf

------------------------------------------------------------------------------
eta in [-1.0, +0.0)
------------------------------------------------------------------------------
  N_QQ=21,860  N_GG=1,793
  n_SD       : AUC = 0.6522   sep = +0.400
  n_subjets  : AUC = 0.7312   sep = +0.626
  -> wrote roc_eta_m1.0_p0.0.pdf

------------------------------------------------------------------------------
eta in [+0.0, +1.0)
------------------------------------------------------------------------------
  N_QQ=54,929  N_GG=8,674
  n_SD       : AUC = 0.6788   sep = +0.472
  n_subjets  : AUC = 0.7402   sep = +0.663
  -> wrote roc_eta_p0.0_p1.0.pdf

------------------------------------------------------------------------------
eta in [+1.0, +1.5)
------------------------------------------------------------------------------
  N_QQ=27,098  N_GG=6,652
  n_SD       : AUC = 0.6905   sep = +0.504
  n_subjets  : AUC = 0.7502   sep = +0.699
  -> wrote roc_eta_p1.0_p1.5.pdf

------------------------------------------------------------------------------
eta in [+1.5, +2.0)
------------------------------------------------------------------------------
  N_QQ=22,242  N_GG=6,890
  n_SD       : AUC = 0.7027   sep = +0.540
  n_subjets  : AUC = 0.7442   sep = +0.688
  -> wrote roc_eta_p1.5_p2.0.pdf

-> wrote roc_all_bins.pdf (grid view)

==============================================================================
SUMMARY
==============================================================================
bin                   N_QQ      N_GG     AUC_nSD   sep_nSD     AUC_nSJ   sep_nSJ
--------------------------------------------------------------------------------
inclusive           150638     33260      0.6952    +0.519      0.5820    +0.223
[-1.0,+0.0)          21860      1793      0.6522    +0.400      0.7312    +0.626
[+0.0,+1.0)          54929      8674      0.6788    +0.472      0.7402    +0.663
[+1.0,+1.5)          27098      6652      0.6905    +0.504      0.7502    +0.699
[+1.5,+2.0)          22242      6890      0.7027    +0.540      0.7442    +0.688
